2025/03/08 03:26:14 Cli View() > m.CreateProject:  false
2025/03/08 03:26:14 Cli View() m. 0
2025/03/08 03:26:14 m.Views[m.CurrentViewIndex] &{{<nil> >  Project Name 0 42 {530ms    0 true false 0xc000008240 1 0} 0s   [38;5;240m[0m [38;5;240m[0m  156 20 {{[right ctrl+f] { } false} {[left ctrl+b] { } false} {[alt+right ctrl+right alt+f] { } false} {[alt+left ctrl+left alt+b] { } false} {[alt+backspace ctrl+w] { } false} {[alt+delete alt+d] { } false} {[ctrl+k] { } false} {[ctrl+u] { } false} {[backspace ctrl+h] { } false} {[delete ctrl+d] { } false} {[home ctrl+a] { } false} {[end ctrl+e] { } false} {[ctrl+v] { } false} {[tab] { } false} {[down ctrl+n] { } false} {[up ctrl+p] { } false}} [] true 0 0 0 <nil> <nil> false [] [] 0}}
2025/03/08 03:26:14 cli update() msg: {117 17}
2025/03/08 03:26:14  m.CurrentViewIndex < len(m.Views) true
2025/03/08 03:26:14 ProjectNameView.Update() > msg: {117 17}
2025/03/08 03:26:14 Cli View() > m.CreateProject:  false
2025/03/08 03:26:14 Cli View() m. 0
2025/03/08 03:26:14 m.Views[m.CurrentViewIndex] &{{<nil> >  Project Name 0 42 {530ms    0 true false 0xc000008240 1 0} 0s   [38;5;240m[0m [38;5;240m[0m  156 20 {{[right ctrl+f] { } false} {[left ctrl+b] { } false} {[alt+right ctrl+right alt+f] { } false} {[alt+left ctrl+left alt+b] { } false} {[alt+backspace ctrl+w] { } false} {[alt+delete alt+d] { } false} {[ctrl+k] { } false} {[ctrl+u] { } false} {[backspace ctrl+h] { } false} {[delete ctrl+d] { } false} {[home ctrl+a] { } false} {[end ctrl+e] { } false} {[ctrl+v] { } false} {[tab] { } false} {[down ctrl+n] { } false} {[up ctrl+p] { } false}} [] true 0 0 0 <nil> <nil> false [] [] 0}}
2025/03/08 03:26:17 cli update() msg: motion
2025/03/08 03:26:17  m.CurrentViewIndex < len(m.Views) true
2025/03/08 03:26:17 ProjectNameView.Update() > msg: motion
2025/03/08 03:26:17 Cli View() > m.CreateProject:  false
2025/03/08 03:26:17 Cli View() m. 0
2025/03/08 03:26:17 m.Views[m.CurrentViewIndex] &{{<nil> >  Project Name 0 42 {530ms    0 true false 0xc000008240 1 0} 0s   [38;5;240m[0m [38;5;240m[0m  156 20 {{[right ctrl+f] { } false} {[left ctrl+b] { } false} {[alt+right ctrl+right alt+f] { } false} {[alt+left ctrl+left alt+b] { } false} {[alt+backspace ctrl+w] { } false} {[alt+delete alt+d] { } false} {[ctrl+k] { } false} {[ctrl+u] { } false} {[backspace ctrl+h] { } false} {[delete ctrl+d] { } false} {[home ctrl+a] { } false} {[end ctrl+e] { } false} {[ctrl+v] { } false} {[tab] { } false} {[down ctrl+n] { } false} {[up ctrl+p] { } false}} [] true 0 0 0 <nil> <nil> false [] [] 0}}
2025/03/08 03:26:17 cli update() msg: motion
2025/03/08 03:26:17  m.CurrentViewIndex < len(m.Views) true
2025/03/08 03:26:17 ProjectNameView.Update() > msg: motion
2025/03/08 03:26:17 Cli View() > m.CreateProject:  false
2025/03/08 03:26:17 Cli View() m. 0
2025/03/08 03:26:17 m.Views[m.CurrentViewIndex] &{{<nil> >  Project Name 0 42 {530ms    0 true false 0xc000008240 1 0} 0s   [38;5;240m[0m [38;5;240m[0m  156 20 {{[right ctrl+f] { } false} {[left ctrl+b] { } false} {[alt+right ctrl+right alt+f] { } false} {[alt+left ctrl+left alt+b] { } false} {[alt+backspace ctrl+w] { } false} {[alt+delete alt+d] { } false} {[ctrl+k] { } false} {[ctrl+u] { } false} {[backspace ctrl+h] { } false} {[delete ctrl+d] { } false} {[home ctrl+a] { } false} {[end ctrl+e] { } false} {[ctrl+v] { } false} {[tab] { } false} {[down ctrl+n] { } false} {[up ctrl+p] { } false}} [] true 0 0 0 <nil> <nil> false [] [] 0}}
2025/03/08 03:26:17 cli update() msg: motion
2025/03/08 03:26:17  m.CurrentViewIndex < len(m.Views) true
2025/03/08 03:26:17 ProjectNameView.Update() > msg: motion
2025/03/08 03:26:17 Cli View() > m.CreateProject:  false
2025/03/08 03:26:17 Cli View() m. 0
2025/03/08 03:26:17 m.Views[m.CurrentViewIndex] &{{<nil> >  Project Name 0 42 {530ms    0 true false 0xc000008240 1 0} 0s   [38;5;240m[0m [38;5;240m[0m  156 20 {{[right ctrl+f] { } false} {[left ctrl+b] { } false} {[alt+right ctrl+right alt+f] { } false} {[alt+left ctrl+left alt+b] { } false} {[alt+backspace ctrl+w] { } false} {[alt+delete alt+d] { } false} {[ctrl+k] { } false} {[ctrl+u] { } false} {[backspace ctrl+h] { } false} {[delete ctrl+d] { } false} {[home ctrl+a] { } false} {[end ctrl+e] { } false} {[ctrl+v] { } false} {[tab] { } false} {[down ctrl+n] { } false} {[up ctrl+p] { } false}} [] true 0 0 0 <nil> <nil> false [] [] 0}}
2025/03/08 03:26:17 cli update() msg: motion
2025/03/08 03:26:17  m.CurrentViewIndex < len(m.Views) true
2025/03/08 03:26:17 ProjectNameView.Update() > msg: motion
2025/03/08 03:26:17 Cli View() > m.CreateProject:  false
2025/03/08 03:26:17 Cli View() m. 0
2025/03/08 03:26:17 m.Views[m.CurrentViewIndex] &{{<nil> >  Project Name 0 42 {530ms    0 true false 0xc000008240 1 0} 0s   [38;5;240m[0m [38;5;240m[0m  156 20 {{[right ctrl+f] { } false} {[left ctrl+b] { } false} {[alt+right ctrl+right alt+f] { } false} {[alt+left ctrl+left alt+b] { } false} {[alt+backspace ctrl+w] { } false} {[alt+delete alt+d] { } false} {[ctrl+k] { } false} {[ctrl+u] { } false} {[backspace ctrl+h] { } false} {[delete ctrl+d] { } false} {[home ctrl+a] { } false} {[end ctrl+e] { } false} {[ctrl+v] { } false} {[tab] { } false} {[down ctrl+n] { } false} {[up ctrl+p] { } false}} [] true 0 0 0 <nil> <nil> false [] [] 0}}
2025/03/08 03:26:17 cli update() msg: motion
2025/03/08 03:26:17  m.CurrentViewIndex < len(m.Views) true
2025/03/08 03:26:17 ProjectNameView.Update() > msg: motion
2025/03/08 03:26:17 Cli View() > m.CreateProject:  false
2025/03/08 03:26:17 Cli View() m. 0
2025/03/08 03:26:17 m.Views[m.CurrentViewIndex] &{{<nil> >  Project Name 0 42 {530ms    0 true false 0xc000008240 1 0} 0s   [38;5;240m[0m [38;5;240m[0m  156 20 {{[right ctrl+f] { } false} {[left ctrl+b] { } false} {[alt+right ctrl+right alt+f] { } false} {[alt+left ctrl+left alt+b] { } false} {[alt+backspace ctrl+w] { } false} {[alt+delete alt+d] { } false} {[ctrl+k] { } false} {[ctrl+u] { } false} {[backspace ctrl+h] { } false} {[delete ctrl+d] { } false} {[home ctrl+a] { } false} {[end ctrl+e] { } false} {[ctrl+v] { } false} {[tab] { } false} {[down ctrl+n] { } false} {[up ctrl+p] { } false}} [] true 0 0 0 <nil> <nil> false [] [] 0}}
2025/03/08 03:26:17 cli update() msg: motion
2025/03/08 03:26:17  m.CurrentViewIndex < len(m.Views) true
2025/03/08 03:26:17 ProjectNameView.Update() > msg: motion
2025/03/08 03:26:17 Cli View() > m.CreateProject:  false
2025/03/08 03:26:17 Cli View() m. 0
2025/03/08 03:26:17 m.Views[m.CurrentViewIndex] &{{<nil> >  Project Name 0 42 {530ms    0 true false 0xc000008240 1 0} 0s   [38;5;240m[0m [38;5;240m[0m  156 20 {{[right ctrl+f] { } false} {[left ctrl+b] { } false} {[alt+right ctrl+right alt+f] { } false} {[alt+left ctrl+left alt+b] { } false} {[alt+backspace ctrl+w] { } false} {[alt+delete alt+d] { } false} {[ctrl+k] { } false} {[ctrl+u] { } false} {[backspace ctrl+h] { } false} {[delete ctrl+d] { } false} {[home ctrl+a] { } false} {[end ctrl+e] { } false} {[ctrl+v] { } false} {[tab] { } false} {[down ctrl+n] { } false} {[up ctrl+p] { } false}} [] true 0 0 0 <nil> <nil> false [] [] 0}}
2025/03/08 03:26:17 cli update() msg: motion
2025/03/08 03:26:17  m.CurrentViewIndex < len(m.Views) true
2025/03/08 03:26:17 ProjectNameView.Update() > msg: motion
2025/03/08 03:26:17 Cli View() > m.CreateProject:  false
2025/03/08 03:26:17 Cli View() m. 0
2025/03/08 03:26:17 m.Views[m.CurrentViewIndex] &{{<nil> >  Project Name 0 42 {530ms    0 true false 0xc000008240 1 0} 0s   [38;5;240m[0m [38;5;240m[0m  156 20 {{[right ctrl+f] { } false} {[left ctrl+b] { } false} {[alt+right ctrl+right alt+f] { } false} {[alt+left ctrl+left alt+b] { } false} {[alt+backspace ctrl+w] { } false} {[alt+delete alt+d] { } false} {[ctrl+k] { } false} {[ctrl+u] { } false} {[backspace ctrl+h] { } false} {[delete ctrl+d] { } false} {[home ctrl+a] { } false} {[end ctrl+e] { } false} {[ctrl+v] { } false} {[tab] { } false} {[down ctrl+n] { } false} {[up ctrl+p] { } false}} [] true 0 0 0 <nil> <nil> false [] [] 0}}
2025/03/08 03:26:17 cli update() msg: motion
2025/03/08 03:26:17  m.CurrentViewIndex < len(m.Views) true
2025/03/08 03:26:17 ProjectNameView.Update() > msg: motion
2025/03/08 03:26:17 Cli View() > m.CreateProject:  false
2025/03/08 03:26:17 Cli View() m. 0
2025/03/08 03:26:17 m.Views[m.CurrentViewIndex] &{{<nil> >  Project Name 0 42 {530ms    0 true false 0xc000008240 1 0} 0s   [38;5;240m[0m [38;5;240m[0m  156 20 {{[right ctrl+f] { } false} {[left ctrl+b] { } false} {[alt+right ctrl+right alt+f] { } false} {[alt+left ctrl+left alt+b] { } false} {[alt+backspace ctrl+w] { } false} {[alt+delete alt+d] { } false} {[ctrl+k] { } false} {[ctrl+u] { } false} {[backspace ctrl+h] { } false} {[delete ctrl+d] { } false} {[home ctrl+a] { } false} {[end ctrl+e] { } false} {[ctrl+v] { } false} {[tab] { } false} {[down ctrl+n] { } false} {[up ctrl+p] { } false}} [] true 0 0 0 <nil> <nil> false [] [] 0}}
2025/03/08 03:26:17 cli update() msg: motion
2025/03/08 03:26:17  m.CurrentViewIndex < len(m.Views) true
2025/03/08 03:26:17 ProjectNameView.Update() > msg: motion
2025/03/08 03:26:17 Cli View() > m.CreateProject:  false
2025/03/08 03:26:17 Cli View() m. 0
2025/03/08 03:26:17 m.Views[m.CurrentViewIndex] &{{<nil> >  Project Name 0 42 {530ms    0 true false 0xc000008240 1 0} 0s   [38;5;240m[0m [38;5;240m[0m  156 20 {{[right ctrl+f] { } false} {[left ctrl+b] { } false} {[alt+right ctrl+right alt+f] { } false} {[alt+left ctrl+left alt+b] { } false} {[alt+backspace ctrl+w] { } false} {[alt+delete alt+d] { } false} {[ctrl+k] { } false} {[ctrl+u] { } false} {[backspace ctrl+h] { } false} {[delete ctrl+d] { } false} {[home ctrl+a] { } false} {[end ctrl+e] { } false} {[ctrl+v] { } false} {[tab] { } false} {[down ctrl+n] { } false} {[up ctrl+p] { } false}} [] true 0 0 0 <nil> <nil> false [] [] 0}}
2025/03/08 03:26:17 cli update() msg: motion
2025/03/08 03:26:17  m.CurrentViewIndex < len(m.Views) true
2025/03/08 03:26:17 ProjectNameView.Update() > msg: motion
2025/03/08 03:26:17 Cli View() > m.CreateProject:  false
2025/03/08 03:26:17 Cli View() m. 0
2025/03/08 03:26:17 m.Views[m.CurrentViewIndex] &{{<nil> >  Project Name 0 42 {530ms    0 true false 0xc000008240 1 0} 0s   [38;5;240m[0m [38;5;240m[0m  156 20 {{[right ctrl+f] { } false} {[left ctrl+b] { } false} {[alt+right ctrl+right alt+f] { } false} {[alt+left ctrl+left alt+b] { } false} {[alt+backspace ctrl+w] { } false} {[alt+delete alt+d] { } false} {[ctrl+k] { } false} {[ctrl+u] { } false} {[backspace ctrl+h] { } false} {[delete ctrl+d] { } false} {[home ctrl+a] { } false} {[end ctrl+e] { } false} {[ctrl+v] { } false} {[tab] { } false} {[down ctrl+n] { } false} {[up ctrl+p] { } false}} [] true 0 0 0 <nil> <nil> false [] [] 0}}
2025/03/08 03:26:18 cli update() msg: motion
2025/03/08 03:26:18  m.CurrentViewIndex < len(m.Views) true
2025/03/08 03:26:18 ProjectNameView.Update() > msg: motion
2025/03/08 03:26:18 Cli View() > m.CreateProject:  false
2025/03/08 03:26:18 Cli View() m. 0
2025/03/08 03:26:18 m.Views[m.CurrentViewIndex] &{{<nil> >  Project Name 0 42 {530ms    0 true false 0xc000008240 1 0} 0s   [38;5;240m[0m [38;5;240m[0m  156 20 {{[right ctrl+f] { } false} {[left ctrl+b] { } false} {[alt+right ctrl+right alt+f] { } false} {[alt+left ctrl+left alt+b] { } false} {[alt+backspace ctrl+w] { } false} {[alt+delete alt+d] { } false} {[ctrl+k] { } false} {[ctrl+u] { } false} {[backspace ctrl+h] { } false} {[delete ctrl+d] { } false} {[home ctrl+a] { } false} {[end ctrl+e] { } false} {[ctrl+v] { } false} {[tab] { } false} {[down ctrl+n] { } false} {[up ctrl+p] { } false}} [] true 0 0 0 <nil> <nil> false [] [] 0}}
2025/03/08 03:26:18 cli update() msg: motion
2025/03/08 03:26:18  m.CurrentViewIndex < len(m.Views) true
2025/03/08 03:26:18 ProjectNameView.Update() > msg: motion
2025/03/08 03:26:18 Cli View() > m.CreateProject:  false
2025/03/08 03:26:18 Cli View() m. 0
2025/03/08 03:26:18 m.Views[m.CurrentViewIndex] &{{<nil> >  Project Name 0 42 {530ms    0 true false 0xc000008240 1 0} 0s   [38;5;240m[0m [38;5;240m[0m  156 20 {{[right ctrl+f] { } false} {[left ctrl+b] { } false} {[alt+right ctrl+right alt+f] { } false} {[alt+left ctrl+left alt+b] { } false} {[alt+backspace ctrl+w] { } false} {[alt+delete alt+d] { } false} {[ctrl+k] { } false} {[ctrl+u] { } false} {[backspace ctrl+h] { } false} {[delete ctrl+d] { } false} {[home ctrl+a] { } false} {[end ctrl+e] { } false} {[ctrl+v] { } false} {[tab] { } false} {[down ctrl+n] { } false} {[up ctrl+p] { } false}} [] true 0 0 0 <nil> <nil> false [] [] 0}}
2025/03/08 03:26:18 cli update() msg: motion
2025/03/08 03:26:18  m.CurrentViewIndex < len(m.Views) true
2025/03/08 03:26:18 ProjectNameView.Update() > msg: motion
2025/03/08 03:26:18 Cli View() > m.CreateProject:  false
2025/03/08 03:26:18 Cli View() m. 0
2025/03/08 03:26:18 m.Views[m.CurrentViewIndex] &{{<nil> >  Project Name 0 42 {530ms    0 true false 0xc000008240 1 0} 0s   [38;5;240m[0m [38;5;240m[0m  156 20 {{[right ctrl+f] { } false} {[left ctrl+b] { } false} {[alt+right ctrl+right alt+f] { } false} {[alt+left ctrl+left alt+b] { } false} {[alt+backspace ctrl+w] { } false} {[alt+delete alt+d] { } false} {[ctrl+k] { } false} {[ctrl+u] { } false} {[backspace ctrl+h] { } false} {[delete ctrl+d] { } false} {[home ctrl+a] { } false} {[end ctrl+e] { } false} {[ctrl+v] { } false} {[tab] { } false} {[down ctrl+n] { } false} {[up ctrl+p] { } false}} [] true 0 0 0 <nil> <nil> false [] [] 0}}
2025/03/08 03:26:18 cli update() msg: motion
2025/03/08 03:26:18  m.CurrentViewIndex < len(m.Views) true
2025/03/08 03:26:18 ProjectNameView.Update() > msg: motion
2025/03/08 03:26:18 Cli View() > m.CreateProject:  false
2025/03/08 03:26:18 Cli View() m. 0
2025/03/08 03:26:18 m.Views[m.CurrentViewIndex] &{{<nil> >  Project Name 0 42 {530ms    0 true false 0xc000008240 1 0} 0s   [38;5;240m[0m [38;5;240m[0m  156 20 {{[right ctrl+f] { } false} {[left ctrl+b] { } false} {[alt+right ctrl+right alt+f] { } false} {[alt+left ctrl+left alt+b] { } false} {[alt+backspace ctrl+w] { } false} {[alt+delete alt+d] { } false} {[ctrl+k] { } false} {[ctrl+u] { } false} {[backspace ctrl+h] { } false} {[delete ctrl+d] { } false} {[home ctrl+a] { } false} {[end ctrl+e] { } false} {[ctrl+v] { } false} {[tab] { } false} {[down ctrl+n] { } false} {[up ctrl+p] { } false}} [] true 0 0 0 <nil> <nil> false [] [] 0}}
2025/03/08 03:26:18 cli update() msg: motion
2025/03/08 03:26:18  m.CurrentViewIndex < len(m.Views) true
2025/03/08 03:26:18 ProjectNameView.Update() > msg: motion
2025/03/08 03:26:18 Cli View() > m.CreateProject:  false
2025/03/08 03:26:18 Cli View() m. 0
2025/03/08 03:26:18 m.Views[m.CurrentViewIndex] &{{<nil> >  Project Name 0 42 {530ms    0 true false 0xc000008240 1 0} 0s   [38;5;240m[0m [38;5;240m[0m  156 20 {{[right ctrl+f] { } false} {[left ctrl+b] { } false} {[alt+right ctrl+right alt+f] { } false} {[alt+left ctrl+left alt+b] { } false} {[alt+backspace ctrl+w] { } false} {[alt+delete alt+d] { } false} {[ctrl+k] { } false} {[ctrl+u] { } false} {[backspace ctrl+h] { } false} {[delete ctrl+d] { } false} {[home ctrl+a] { } false} {[end ctrl+e] { } false} {[ctrl+v] { } false} {[tab] { } false} {[down ctrl+n] { } false} {[up ctrl+p] { } false}} [] true 0 0 0 <nil> <nil> false [] [] 0}}
2025/03/08 03:26:19 cli update() msg: {117 18}
2025/03/08 03:26:19  m.CurrentViewIndex < len(m.Views) true
2025/03/08 03:26:19 ProjectNameView.Update() > msg: {117 18}
2025/03/08 03:26:19 Cli View() > m.CreateProject:  false
2025/03/08 03:26:19 Cli View() m. 0
2025/03/08 03:26:19 m.Views[m.CurrentViewIndex] &{{<nil> >  Project Name 0 42 {530ms    0 true false 0xc000008240 1 0} 0s   [38;5;240m[0m [38;5;240m[0m  156 20 {{[right ctrl+f] { } false} {[left ctrl+b] { } false} {[alt+right ctrl+right alt+f] { } false} {[alt+left ctrl+left alt+b] { } false} {[alt+backspace ctrl+w] { } false} {[alt+delete alt+d] { } false} {[ctrl+k] { } false} {[ctrl+u] { } false} {[backspace ctrl+h] { } false} {[delete ctrl+d] { } false} {[home ctrl+a] { } false} {[end ctrl+e] { } false} {[ctrl+v] { } false} {[tab] { } false} {[down ctrl+n] { } false} {[up ctrl+p] { } false}} [] true 0 0 0 <nil> <nil> false [] [] 0}}
2025/03/08 03:26:19 cli update() msg: {117 19}
2025/03/08 03:26:19  m.CurrentViewIndex < len(m.Views) true
2025/03/08 03:26:19 ProjectNameView.Update() > msg: {117 19}
2025/03/08 03:26:19 Cli View() > m.CreateProject:  false
2025/03/08 03:26:19 Cli View() m. 0
2025/03/08 03:26:19 m.Views[m.CurrentViewIndex] &{{<nil> >  Project Name 0 42 {530ms    0 true false 0xc000008240 1 0} 0s   [38;5;240m[0m [38;5;240m[0m  156 20 {{[right ctrl+f] { } false} {[left ctrl+b] { } false} {[alt+right ctrl+right alt+f] { } false} {[alt+left ctrl+left alt+b] { } false} {[alt+backspace ctrl+w] { } false} {[alt+delete alt+d] { } false} {[ctrl+k] { } false} {[ctrl+u] { } false} {[backspace ctrl+h] { } false} {[delete ctrl+d] { } false} {[home ctrl+a] { } false} {[end ctrl+e] { } false} {[ctrl+v] { } false} {[tab] { } false} {[down ctrl+n] { } false} {[up ctrl+p] { } false}} [] true 0 0 0 <nil> <nil> false [] [] 0}}
2025/03/08 03:26:19 cli update() msg: {117 21}
2025/03/08 03:26:19  m.CurrentViewIndex < len(m.Views) true
2025/03/08 03:26:19 ProjectNameView.Update() > msg: {117 21}
2025/03/08 03:26:19 Cli View() > m.CreateProject:  false
2025/03/08 03:26:19 Cli View() m. 0
2025/03/08 03:26:19 m.Views[m.CurrentViewIndex] &{{<nil> >  Project Name 0 42 {530ms    0 true false 0xc000008240 1 0} 0s   [38;5;240m[0m [38;5;240m[0m  156 20 {{[right ctrl+f] { } false} {[left ctrl+b] { } false} {[alt+right ctrl+right alt+f] { } false} {[alt+left ctrl+left alt+b] { } false} {[alt+backspace ctrl+w] { } false} {[alt+delete alt+d] { } false} {[ctrl+k] { } false} {[ctrl+u] { } false} {[backspace ctrl+h] { } false} {[delete ctrl+d] { } false} {[home ctrl+a] { } false} {[end ctrl+e] { } false} {[ctrl+v] { } false} {[tab] { } false} {[down ctrl+n] { } false} {[up ctrl+p] { } false}} [] true 0 0 0 <nil> <nil> false [] [] 0}}
2025/03/08 03:26:19 cli update() msg: {117 22}
2025/03/08 03:26:19  m.CurrentViewIndex < len(m.Views) true
2025/03/08 03:26:19 ProjectNameView.Update() > msg: {117 22}
2025/03/08 03:26:19 Cli View() > m.CreateProject:  false
2025/03/08 03:26:19 Cli View() m. 0
2025/03/08 03:26:19 m.Views[m.CurrentViewIndex] &{{<nil> >  Project Name 0 42 {530ms    0 true false 0xc000008240 1 0} 0s   [38;5;240m[0m [38;5;240m[0m  156 20 {{[right ctrl+f] { } false} {[left ctrl+b] { } false} {[alt+right ctrl+right alt+f] { } false} {[alt+left ctrl+left alt+b] { } false} {[alt+backspace ctrl+w] { } false} {[alt+delete alt+d] { } false} {[ctrl+k] { } false} {[ctrl+u] { } false} {[backspace ctrl+h] { } false} {[delete ctrl+d] { } false} {[home ctrl+a] { } false} {[end ctrl+e] { } false} {[ctrl+v] { } false} {[tab] { } false} {[down ctrl+n] { } false} {[up ctrl+p] { } false}} [] true 0 0 0 <nil> <nil> false [] [] 0}}
2025/03/08 03:26:19 cli update() msg: {117 23}
2025/03/08 03:26:19  m.CurrentViewIndex < len(m.Views) true
2025/03/08 03:26:19 ProjectNameView.Update() > msg: {117 23}
2025/03/08 03:26:19 Cli View() > m.CreateProject:  false
2025/03/08 03:26:19 Cli View() m. 0
2025/03/08 03:26:19 m.Views[m.CurrentViewIndex] &{{<nil> >  Project Name 0 42 {530ms    0 true false 0xc000008240 1 0} 0s   [38;5;240m[0m [38;5;240m[0m  156 20 {{[right ctrl+f] { } false} {[left ctrl+b] { } false} {[alt+right ctrl+right alt+f] { } false} {[alt+left ctrl+left alt+b] { } false} {[alt+backspace ctrl+w] { } false} {[alt+delete alt+d] { } false} {[ctrl+k] { } false} {[ctrl+u] { } false} {[backspace ctrl+h] { } false} {[delete ctrl+d] { } false} {[home ctrl+a] { } false} {[end ctrl+e] { } false} {[ctrl+v] { } false} {[tab] { } false} {[down ctrl+n] { } false} {[up ctrl+p] { } false}} [] true 0 0 0 <nil> <nil> false [] [] 0}}
2025/03/08 03:26:25 cli update() msg: motion
2025/03/08 03:26:25  m.CurrentViewIndex < len(m.Views) true
2025/03/08 03:26:25 ProjectNameView.Update() > msg: motion
2025/03/08 03:26:25 Cli View() > m.CreateProject:  false
2025/03/08 03:26:25 Cli View() m. 0
2025/03/08 03:26:25 m.Views[m.CurrentViewIndex] &{{<nil> >  Project Name 0 42 {530ms    0 true false 0xc000008240 1 0} 0s   [38;5;240m[0m [38;5;240m[0m  156 20 {{[right ctrl+f] { } false} {[left ctrl+b] { } false} {[alt+right ctrl+right alt+f] { } false} {[alt+left ctrl+left alt+b] { } false} {[alt+backspace ctrl+w] { } false} {[alt+delete alt+d] { } false} {[ctrl+k] { } false} {[ctrl+u] { } false} {[backspace ctrl+h] { } false} {[delete ctrl+d] { } false} {[home ctrl+a] { } false} {[end ctrl+e] { } false} {[ctrl+v] { } false} {[tab] { } false} {[down ctrl+n] { } false} {[up ctrl+p] { } false}} [] true 0 0 0 <nil> <nil> false [] [] 0}}
2025/03/08 03:26:25 cli update() msg: motion
2025/03/08 03:26:25  m.CurrentViewIndex < len(m.Views) true
2025/03/08 03:26:25 ProjectNameView.Update() > msg: motion
2025/03/08 03:26:25 Cli View() > m.CreateProject:  false
2025/03/08 03:26:25 Cli View() m. 0
2025/03/08 03:26:25 m.Views[m.CurrentViewIndex] &{{<nil> >  Project Name 0 42 {530ms    0 true false 0xc000008240 1 0} 0s   [38;5;240m[0m [38;5;240m[0m  156 20 {{[right ctrl+f] { } false} {[left ctrl+b] { } false} {[alt+right ctrl+right alt+f] { } false} {[alt+left ctrl+left alt+b] { } false} {[alt+backspace ctrl+w] { } false} {[alt+delete alt+d] { } false} {[ctrl+k] { } false} {[ctrl+u] { } false} {[backspace ctrl+h] { } false} {[delete ctrl+d] { } false} {[home ctrl+a] { } false} {[end ctrl+e] { } false} {[ctrl+v] { } false} {[tab] { } false} {[down ctrl+n] { } false} {[up ctrl+p] { } false}} [] true 0 0 0 <nil> <nil> false [] [] 0}}
2025/03/08 03:26:25 cli update() msg: motion
2025/03/08 03:26:25  m.CurrentViewIndex < len(m.Views) true
2025/03/08 03:26:25 ProjectNameView.Update() > msg: motion
2025/03/08 03:26:25 Cli View() > m.CreateProject:  false
2025/03/08 03:26:25 Cli View() m. 0
2025/03/08 03:26:25 m.Views[m.CurrentViewIndex] &{{<nil> >  Project Name 0 42 {530ms    0 true false 0xc000008240 1 0} 0s   [38;5;240m[0m [38;5;240m[0m  156 20 {{[right ctrl+f] { } false} {[left ctrl+b] { } false} {[alt+right ctrl+right alt+f] { } false} {[alt+left ctrl+left alt+b] { } false} {[alt+backspace ctrl+w] { } false} {[alt+delete alt+d] { } false} {[ctrl+k] { } false} {[ctrl+u] { } false} {[backspace ctrl+h] { } false} {[delete ctrl+d] { } false} {[home ctrl+a] { } false} {[end ctrl+e] { } false} {[ctrl+v] { } false} {[tab] { } false} {[down ctrl+n] { } false} {[up ctrl+p] { } false}} [] true 0 0 0 <nil> <nil> false [] [] 0}}
2025/03/08 03:26:25 cli update() msg: motion
2025/03/08 03:26:25  m.CurrentViewIndex < len(m.Views) true
2025/03/08 03:26:25 ProjectNameView.Update() > msg: motion
2025/03/08 03:26:25 Cli View() > m.CreateProject:  false
2025/03/08 03:26:25 Cli View() m. 0
2025/03/08 03:26:25 m.Views[m.CurrentViewIndex] &{{<nil> >  Project Name 0 42 {530ms    0 true false 0xc000008240 1 0} 0s   [38;5;240m[0m [38;5;240m[0m  156 20 {{[right ctrl+f] { } false} {[left ctrl+b] { } false} {[alt+right ctrl+right alt+f] { } false} {[alt+left ctrl+left alt+b] { } false} {[alt+backspace ctrl+w] { } false} {[alt+delete alt+d] { } false} {[ctrl+k] { } false} {[ctrl+u] { } false} {[backspace ctrl+h] { } false} {[delete ctrl+d] { } false} {[home ctrl+a] { } false} {[end ctrl+e] { } false} {[ctrl+v] { } false} {[tab] { } false} {[down ctrl+n] { } false} {[up ctrl+p] { } false}} [] true 0 0 0 <nil> <nil> false [] [] 0}}
2025/03/08 03:26:25 cli update() msg: motion
2025/03/08 03:26:25  m.CurrentViewIndex < len(m.Views) true
2025/03/08 03:26:25 ProjectNameView.Update() > msg: motion
2025/03/08 03:26:25 Cli View() > m.CreateProject:  false
2025/03/08 03:26:25 Cli View() m. 0
2025/03/08 03:26:25 m.Views[m.CurrentViewIndex] &{{<nil> >  Project Name 0 42 {530ms    0 true false 0xc000008240 1 0} 0s   [38;5;240m[0m [38;5;240m[0m  156 20 {{[right ctrl+f] { } false} {[left ctrl+b] { } false} {[alt+right ctrl+right alt+f] { } false} {[alt+left ctrl+left alt+b] { } false} {[alt+backspace ctrl+w] { } false} {[alt+delete alt+d] { } false} {[ctrl+k] { } false} {[ctrl+u] { } false} {[backspace ctrl+h] { } false} {[delete ctrl+d] { } false} {[home ctrl+a] { } false} {[end ctrl+e] { } false} {[ctrl+v] { } false} {[tab] { } false} {[down ctrl+n] { } false} {[up ctrl+p] { } false}} [] true 0 0 0 <nil> <nil> false [] [] 0}}
2025/03/08 03:26:25 cli update() msg: motion
2025/03/08 03:26:25  m.CurrentViewIndex < len(m.Views) true
2025/03/08 03:26:25 ProjectNameView.Update() > msg: motion
2025/03/08 03:26:25 Cli View() > m.CreateProject:  false
2025/03/08 03:26:25 Cli View() m. 0
2025/03/08 03:26:25 m.Views[m.CurrentViewIndex] &{{<nil> >  Project Name 0 42 {530ms    0 true false 0xc000008240 1 0} 0s   [38;5;240m[0m [38;5;240m[0m  156 20 {{[right ctrl+f] { } false} {[left ctrl+b] { } false} {[alt+right ctrl+right alt+f] { } false} {[alt+left ctrl+left alt+b] { } false} {[alt+backspace ctrl+w] { } false} {[alt+delete alt+d] { } false} {[ctrl+k] { } false} {[ctrl+u] { } false} {[backspace ctrl+h] { } false} {[delete ctrl+d] { } false} {[home ctrl+a] { } false} {[end ctrl+e] { } false} {[ctrl+v] { } false} {[tab] { } false} {[down ctrl+n] { } false} {[up ctrl+p] { } false}} [] true 0 0 0 <nil> <nil> false [] [] 0}}
2025/03/08 03:26:25 cli update() msg: motion
2025/03/08 03:26:25  m.CurrentViewIndex < len(m.Views) true
2025/03/08 03:26:25 ProjectNameView.Update() > msg: motion
2025/03/08 03:26:25 Cli View() > m.CreateProject:  false
2025/03/08 03:26:25 Cli View() m. 0
2025/03/08 03:26:25 m.Views[m.CurrentViewIndex] &{{<nil> >  Project Name 0 42 {530ms    0 true false 0xc000008240 1 0} 0s   [38;5;240m[0m [38;5;240m[0m  156 20 {{[right ctrl+f] { } false} {[left ctrl+b] { } false} {[alt+right ctrl+right alt+f] { } false} {[alt+left ctrl+left alt+b] { } false} {[alt+backspace ctrl+w] { } false} {[alt+delete alt+d] { } false} {[ctrl+k] { } false} {[ctrl+u] { } false} {[backspace ctrl+h] { } false} {[delete ctrl+d] { } false} {[home ctrl+a] { } false} {[end ctrl+e] { } false} {[ctrl+v] { } false} {[tab] { } false} {[down ctrl+n] { } false} {[up ctrl+p] { } false}} [] true 0 0 0 <nil> <nil> false [] [] 0}}
2025/03/08 03:26:25 cli update() msg: motion
2025/03/08 03:26:25  m.CurrentViewIndex < len(m.Views) true
2025/03/08 03:26:25 ProjectNameView.Update() > msg: motion
2025/03/08 03:26:25 Cli View() > m.CreateProject:  false
2025/03/08 03:26:25 Cli View() m. 0
2025/03/08 03:26:25 m.Views[m.CurrentViewIndex] &{{<nil> >  Project Name 0 42 {530ms    0 true false 0xc000008240 1 0} 0s   [38;5;240m[0m [38;5;240m[0m  156 20 {{[right ctrl+f] { } false} {[left ctrl+b] { } false} {[alt+right ctrl+right alt+f] { } false} {[alt+left ctrl+left alt+b] { } false} {[alt+backspace ctrl+w] { } false} {[alt+delete alt+d] { } false} {[ctrl+k] { } false} {[ctrl+u] { } false} {[backspace ctrl+h] { } false} {[delete ctrl+d] { } false} {[home ctrl+a] { } false} {[end ctrl+e] { } false} {[ctrl+v] { } false} {[tab] { } false} {[down ctrl+n] { } false} {[up ctrl+p] { } false}} [] true 0 0 0 <nil> <nil> false [] [] 0}}
2025/03/08 03:26:25 cli update() msg: motion
2025/03/08 03:26:25  m.CurrentViewIndex < len(m.Views) true
2025/03/08 03:26:25 ProjectNameView.Update() > msg: motion
2025/03/08 03:26:25 Cli View() > m.CreateProject:  false
2025/03/08 03:26:25 Cli View() m. 0
2025/03/08 03:26:25 m.Views[m.CurrentViewIndex] &{{<nil> >  Project Name 0 42 {530ms    0 true false 0xc000008240 1 0} 0s   [38;5;240m[0m [38;5;240m[0m  156 20 {{[right ctrl+f] { } false} {[left ctrl+b] { } false} {[alt+right ctrl+right alt+f] { } false} {[alt+left ctrl+left alt+b] { } false} {[alt+backspace ctrl+w] { } false} {[alt+delete alt+d] { } false} {[ctrl+k] { } false} {[ctrl+u] { } false} {[backspace ctrl+h] { } false} {[delete ctrl+d] { } false} {[home ctrl+a] { } false} {[end ctrl+e] { } false} {[ctrl+v] { } false} {[tab] { } false} {[down ctrl+n] { } false} {[up ctrl+p] { } false}} [] true 0 0 0 <nil> <nil> false [] [] 0}}
2025/03/08 03:26:25 cli update() msg: motion
2025/03/08 03:26:25  m.CurrentViewIndex < len(m.Views) true
2025/03/08 03:26:25 ProjectNameView.Update() > msg: motion
2025/03/08 03:26:25 Cli View() > m.CreateProject:  false
2025/03/08 03:26:25 Cli View() m. 0
2025/03/08 03:26:25 m.Views[m.CurrentViewIndex] &{{<nil> >  Project Name 0 42 {530ms    0 true false 0xc000008240 1 0} 0s   [38;5;240m[0m [38;5;240m[0m  156 20 {{[right ctrl+f] { } false} {[left ctrl+b] { } false} {[alt+right ctrl+right alt+f] { } false} {[alt+left ctrl+left alt+b] { } false} {[alt+backspace ctrl+w] { } false} {[alt+delete alt+d] { } false} {[ctrl+k] { } false} {[ctrl+u] { } false} {[backspace ctrl+h] { } false} {[delete ctrl+d] { } false} {[home ctrl+a] { } false} {[end ctrl+e] { } false} {[ctrl+v] { } false} {[tab] { } false} {[down ctrl+n] { } false} {[up ctrl+p] { } false}} [] true 0 0 0 <nil> <nil> false [] [] 0}}
2025/03/08 03:26:25 cli update() msg: motion
2025/03/08 03:26:25  m.CurrentViewIndex < len(m.Views) true
2025/03/08 03:26:25 ProjectNameView.Update() > msg: motion
2025/03/08 03:26:25 Cli View() > m.CreateProject:  false
2025/03/08 03:26:25 Cli View() m. 0
2025/03/08 03:26:25 m.Views[m.CurrentViewIndex] &{{<nil> >  Project Name 0 42 {530ms    0 true false 0xc000008240 1 0} 0s   [38;5;240m[0m [38;5;240m[0m  156 20 {{[right ctrl+f] { } false} {[left ctrl+b] { } false} {[alt+right ctrl+right alt+f] { } false} {[alt+left ctrl+left alt+b] { } false} {[alt+backspace ctrl+w] { } false} {[alt+delete alt+d] { } false} {[ctrl+k] { } false} {[ctrl+u] { } false} {[backspace ctrl+h] { } false} {[delete ctrl+d] { } false} {[home ctrl+a] { } false} {[end ctrl+e] { } false} {[ctrl+v] { } false} {[tab] { } false} {[down ctrl+n] { } false} {[up ctrl+p] { } false}} [] true 0 0 0 <nil> <nil> false [] [] 0}}
2025/03/08 03:26:25 cli update() msg: motion
2025/03/08 03:26:25  m.CurrentViewIndex < len(m.Views) true
2025/03/08 03:26:25 ProjectNameView.Update() > msg: motion
2025/03/08 03:26:25 Cli View() > m.CreateProject:  false
2025/03/08 03:26:25 Cli View() m. 0
2025/03/08 03:26:25 m.Views[m.CurrentViewIndex] &{{<nil> >  Project Name 0 42 {530ms    0 true false 0xc000008240 1 0} 0s   [38;5;240m[0m [38;5;240m[0m  156 20 {{[right ctrl+f] { } false} {[left ctrl+b] { } false} {[alt+right ctrl+right alt+f] { } false} {[alt+left ctrl+left alt+b] { } false} {[alt+backspace ctrl+w] { } false} {[alt+delete alt+d] { } false} {[ctrl+k] { } false} {[ctrl+u] { } false} {[backspace ctrl+h] { } false} {[delete ctrl+d] { } false} {[home ctrl+a] { } false} {[end ctrl+e] { } false} {[ctrl+v] { } false} {[tab] { } false} {[down ctrl+n] { } false} {[up ctrl+p] { } false}} [] true 0 0 0 <nil> <nil> false [] [] 0}}
2025/03/08 03:26:25 cli update() msg: motion
2025/03/08 03:26:25  m.CurrentViewIndex < len(m.Views) true
2025/03/08 03:26:25 ProjectNameView.Update() > msg: motion
2025/03/08 03:26:25 Cli View() > m.CreateProject:  false
2025/03/08 03:26:25 Cli View() m. 0
2025/03/08 03:26:25 m.Views[m.CurrentViewIndex] &{{<nil> >  Project Name 0 42 {530ms    0 true false 0xc000008240 1 0} 0s   [38;5;240m[0m [38;5;240m[0m  156 20 {{[right ctrl+f] { } false} {[left ctrl+b] { } false} {[alt+right ctrl+right alt+f] { } false} {[alt+left ctrl+left alt+b] { } false} {[alt+backspace ctrl+w] { } false} {[alt+delete alt+d] { } false} {[ctrl+k] { } false} {[ctrl+u] { } false} {[backspace ctrl+h] { } false} {[delete ctrl+d] { } false} {[home ctrl+a] { } false} {[end ctrl+e] { } false} {[ctrl+v] { } false} {[tab] { } false} {[down ctrl+n] { } false} {[up ctrl+p] { } false}} [] true 0 0 0 <nil> <nil> false [] [] 0}}
2025/03/08 03:26:25 cli update() msg: motion
2025/03/08 03:26:25  m.CurrentViewIndex < len(m.Views) true
2025/03/08 03:26:25 ProjectNameView.Update() > msg: motion
2025/03/08 03:26:25 Cli View() > m.CreateProject:  false
2025/03/08 03:26:25 Cli View() m. 0
2025/03/08 03:26:25 m.Views[m.CurrentViewIndex] &{{<nil> >  Project Name 0 42 {530ms    0 true false 0xc000008240 1 0} 0s   [38;5;240m[0m [38;5;240m[0m  156 20 {{[right ctrl+f] { } false} {[left ctrl+b] { } false} {[alt+right ctrl+right alt+f] { } false} {[alt+left ctrl+left alt+b] { } false} {[alt+backspace ctrl+w] { } false} {[alt+delete alt+d] { } false} {[ctrl+k] { } false} {[ctrl+u] { } false} {[backspace ctrl+h] { } false} {[delete ctrl+d] { } false} {[home ctrl+a] { } false} {[end ctrl+e] { } false} {[ctrl+v] { } false} {[tab] { } false} {[down ctrl+n] { } false} {[up ctrl+p] { } false}} [] true 0 0 0 <nil> <nil> false [] [] 0}}
2025/03/08 03:26:25 cli update() msg: motion
2025/03/08 03:26:25  m.CurrentViewIndex < len(m.Views) true
2025/03/08 03:26:25 ProjectNameView.Update() > msg: motion
2025/03/08 03:26:25 Cli View() > m.CreateProject:  false
2025/03/08 03:26:25 Cli View() m. 0
2025/03/08 03:26:25 m.Views[m.CurrentViewIndex] &{{<nil> >  Project Name 0 42 {530ms    0 true false 0xc000008240 1 0} 0s   [38;5;240m[0m [38;5;240m[0m  156 20 {{[right ctrl+f] { } false} {[left ctrl+b] { } false} {[alt+right ctrl+right alt+f] { } false} {[alt+left ctrl+left alt+b] { } false} {[alt+backspace ctrl+w] { } false} {[alt+delete alt+d] { } false} {[ctrl+k] { } false} {[ctrl+u] { } false} {[backspace ctrl+h] { } false} {[delete ctrl+d] { } false} {[home ctrl+a] { } false} {[end ctrl+e] { } false} {[ctrl+v] { } false} {[tab] { } false} {[down ctrl+n] { } false} {[up ctrl+p] { } false}} [] true 0 0 0 <nil> <nil> false [] [] 0}}
2025/03/08 03:26:25 cli update() msg: motion
2025/03/08 03:26:25  m.CurrentViewIndex < len(m.Views) true
2025/03/08 03:26:25 ProjectNameView.Update() > msg: motion
2025/03/08 03:26:25 Cli View() > m.CreateProject:  false
2025/03/08 03:26:25 Cli View() m. 0
2025/03/08 03:26:25 m.Views[m.CurrentViewIndex] &{{<nil> >  Project Name 0 42 {530ms    0 true false 0xc000008240 1 0} 0s   [38;5;240m[0m [38;5;240m[0m  156 20 {{[right ctrl+f] { } false} {[left ctrl+b] { } false} {[alt+right ctrl+right alt+f] { } false} {[alt+left ctrl+left alt+b] { } false} {[alt+backspace ctrl+w] { } false} {[alt+delete alt+d] { } false} {[ctrl+k] { } false} {[ctrl+u] { } false} {[backspace ctrl+h] { } false} {[delete ctrl+d] { } false} {[home ctrl+a] { } false} {[end ctrl+e] { } false} {[ctrl+v] { } false} {[tab] { } false} {[down ctrl+n] { } false} {[up ctrl+p] { } false}} [] true 0 0 0 <nil> <nil> false [] [] 0}}
2025/03/08 03:26:25 cli update() msg: motion
2025/03/08 03:26:25  m.CurrentViewIndex < len(m.Views) true
2025/03/08 03:26:25 ProjectNameView.Update() > msg: motion
2025/03/08 03:26:25 Cli View() > m.CreateProject:  false
2025/03/08 03:26:25 Cli View() m. 0
2025/03/08 03:26:25 m.Views[m.CurrentViewIndex] &{{<nil> >  Project Name 0 42 {530ms    0 true false 0xc000008240 1 0} 0s   [38;5;240m[0m [38;5;240m[0m  156 20 {{[right ctrl+f] { } false} {[left ctrl+b] { } false} {[alt+right ctrl+right alt+f] { } false} {[alt+left ctrl+left alt+b] { } false} {[alt+backspace ctrl+w] { } false} {[alt+delete alt+d] { } false} {[ctrl+k] { } false} {[ctrl+u] { } false} {[backspace ctrl+h] { } false} {[delete ctrl+d] { } false} {[home ctrl+a] { } false} {[end ctrl+e] { } false} {[ctrl+v] { } false} {[tab] { } false} {[down ctrl+n] { } false} {[up ctrl+p] { } false}} [] true 0 0 0 <nil> <nil> false [] [] 0}}
2025/03/08 03:26:25 cli update() msg: motion
2025/03/08 03:26:25  m.CurrentViewIndex < len(m.Views) true
2025/03/08 03:26:25 ProjectNameView.Update() > msg: motion
2025/03/08 03:26:25 Cli View() > m.CreateProject:  false
2025/03/08 03:26:25 Cli View() m. 0
2025/03/08 03:26:25 m.Views[m.CurrentViewIndex] &{{<nil> >  Project Name 0 42 {530ms    0 true false 0xc000008240 1 0} 0s   [38;5;240m[0m [38;5;240m[0m  156 20 {{[right ctrl+f] { } false} {[left ctrl+b] { } false} {[alt+right ctrl+right alt+f] { } false} {[alt+left ctrl+left alt+b] { } false} {[alt+backspace ctrl+w] { } false} {[alt+delete alt+d] { } false} {[ctrl+k] { } false} {[ctrl+u] { } false} {[backspace ctrl+h] { } false} {[delete ctrl+d] { } false} {[home ctrl+a] { } false} {[end ctrl+e] { } false} {[ctrl+v] { } false} {[tab] { } false} {[down ctrl+n] { } false} {[up ctrl+p] { } false}} [] true 0 0 0 <nil> <nil> false [] [] 0}}
2025/03/08 03:26:25 cli update() msg: motion
2025/03/08 03:26:25  m.CurrentViewIndex < len(m.Views) true
2025/03/08 03:26:25 ProjectNameView.Update() > msg: motion
2025/03/08 03:26:25 Cli View() > m.CreateProject:  false
2025/03/08 03:26:25 Cli View() m. 0
2025/03/08 03:26:25 m.Views[m.CurrentViewIndex] &{{<nil> >  Project Name 0 42 {530ms    0 true false 0xc000008240 1 0} 0s   [38;5;240m[0m [38;5;240m[0m  156 20 {{[right ctrl+f] { } false} {[left ctrl+b] { } false} {[alt+right ctrl+right alt+f] { } false} {[alt+left ctrl+left alt+b] { } false} {[alt+backspace ctrl+w] { } false} {[alt+delete alt+d] { } false} {[ctrl+k] { } false} {[ctrl+u] { } false} {[backspace ctrl+h] { } false} {[delete ctrl+d] { } false} {[home ctrl+a] { } false} {[end ctrl+e] { } false} {[ctrl+v] { } false} {[tab] { } false} {[down ctrl+n] { } false} {[up ctrl+p] { } false}} [] true 0 0 0 <nil> <nil> false [] [] 0}}
2025/03/08 03:26:25 cli update() msg: motion
2025/03/08 03:26:25  m.CurrentViewIndex < len(m.Views) true
2025/03/08 03:26:25 ProjectNameView.Update() > msg: motion
2025/03/08 03:26:25 Cli View() > m.CreateProject:  false
2025/03/08 03:26:25 Cli View() m. 0
2025/03/08 03:26:25 m.Views[m.CurrentViewIndex] &{{<nil> >  Project Name 0 42 {530ms    0 true false 0xc000008240 1 0} 0s   [38;5;240m[0m [38;5;240m[0m  156 20 {{[right ctrl+f] { } false} {[left ctrl+b] { } false} {[alt+right ctrl+right alt+f] { } false} {[alt+left ctrl+left alt+b] { } false} {[alt+backspace ctrl+w] { } false} {[alt+delete alt+d] { } false} {[ctrl+k] { } false} {[ctrl+u] { } false} {[backspace ctrl+h] { } false} {[delete ctrl+d] { } false} {[home ctrl+a] { } false} {[end ctrl+e] { } false} {[ctrl+v] { } false} {[tab] { } false} {[down ctrl+n] { } false} {[up ctrl+p] { } false}} [] true 0 0 0 <nil> <nil> false [] [] 0}}
2025/03/08 03:26:26 cli update() msg: motion
2025/03/08 03:26:26  m.CurrentViewIndex < len(m.Views) true
2025/03/08 03:26:26 ProjectNameView.Update() > msg: motion
2025/03/08 03:26:26 Cli View() > m.CreateProject:  false
2025/03/08 03:26:26 Cli View() m. 0
2025/03/08 03:26:26 m.Views[m.CurrentViewIndex] &{{<nil> >  Project Name 0 42 {530ms    0 true false 0xc000008240 1 0} 0s   [38;5;240m[0m [38;5;240m[0m  156 20 {{[right ctrl+f] { } false} {[left ctrl+b] { } false} {[alt+right ctrl+right alt+f] { } false} {[alt+left ctrl+left alt+b] { } false} {[alt+backspace ctrl+w] { } false} {[alt+delete alt+d] { } false} {[ctrl+k] { } false} {[ctrl+u] { } false} {[backspace ctrl+h] { } false} {[delete ctrl+d] { } false} {[home ctrl+a] { } false} {[end ctrl+e] { } false} {[ctrl+v] { } false} {[tab] { } false} {[down ctrl+n] { } false} {[up ctrl+p] { } false}} [] true 0 0 0 <nil> <nil> false [] [] 0}}
2025/03/08 03:26:26 cli update() msg: motion
2025/03/08 03:26:26  m.CurrentViewIndex < len(m.Views) true
2025/03/08 03:26:26 ProjectNameView.Update() > msg: motion
2025/03/08 03:26:26 Cli View() > m.CreateProject:  false
2025/03/08 03:26:26 Cli View() m. 0
2025/03/08 03:26:26 m.Views[m.CurrentViewIndex] &{{<nil> >  Project Name 0 42 {530ms    0 true false 0xc000008240 1 0} 0s   [38;5;240m[0m [38;5;240m[0m  156 20 {{[right ctrl+f] { } false} {[left ctrl+b] { } false} {[alt+right ctrl+right alt+f] { } false} {[alt+left ctrl+left alt+b] { } false} {[alt+backspace ctrl+w] { } false} {[alt+delete alt+d] { } false} {[ctrl+k] { } false} {[ctrl+u] { } false} {[backspace ctrl+h] { } false} {[delete ctrl+d] { } false} {[home ctrl+a] { } false} {[end ctrl+e] { } false} {[ctrl+v] { } false} {[tab] { } false} {[down ctrl+n] { } false} {[up ctrl+p] { } false}} [] true 0 0 0 <nil> <nil> false [] [] 0}}
2025/03/08 03:26:26 cli update() msg: motion
2025/03/08 03:26:26  m.CurrentViewIndex < len(m.Views) true
2025/03/08 03:26:26 ProjectNameView.Update() > msg: motion
2025/03/08 03:26:26 Cli View() > m.CreateProject:  false
2025/03/08 03:26:26 Cli View() m. 0
2025/03/08 03:26:26 m.Views[m.CurrentViewIndex] &{{<nil> >  Project Name 0 42 {530ms    0 true false 0xc000008240 1 0} 0s   [38;5;240m[0m [38;5;240m[0m  156 20 {{[right ctrl+f] { } false} {[left ctrl+b] { } false} {[alt+right ctrl+right alt+f] { } false} {[alt+left ctrl+left alt+b] { } false} {[alt+backspace ctrl+w] { } false} {[alt+delete alt+d] { } false} {[ctrl+k] { } false} {[ctrl+u] { } false} {[backspace ctrl+h] { } false} {[delete ctrl+d] { } false} {[home ctrl+a] { } false} {[end ctrl+e] { } false} {[ctrl+v] { } false} {[tab] { } false} {[down ctrl+n] { } false} {[up ctrl+p] { } false}} [] true 0 0 0 <nil> <nil> false [] [] 0}}
2025/03/08 03:26:26 cli update() msg: motion
2025/03/08 03:26:26  m.CurrentViewIndex < len(m.Views) true
2025/03/08 03:26:26 ProjectNameView.Update() > msg: motion
2025/03/08 03:26:26 Cli View() > m.CreateProject:  false
2025/03/08 03:26:26 Cli View() m. 0
2025/03/08 03:26:26 m.Views[m.CurrentViewIndex] &{{<nil> >  Project Name 0 42 {530ms    0 true false 0xc000008240 1 0} 0s   [38;5;240m[0m [38;5;240m[0m  156 20 {{[right ctrl+f] { } false} {[left ctrl+b] { } false} {[alt+right ctrl+right alt+f] { } false} {[alt+left ctrl+left alt+b] { } false} {[alt+backspace ctrl+w] { } false} {[alt+delete alt+d] { } false} {[ctrl+k] { } false} {[ctrl+u] { } false} {[backspace ctrl+h] { } false} {[delete ctrl+d] { } false} {[home ctrl+a] { } false} {[end ctrl+e] { } false} {[ctrl+v] { } false} {[tab] { } false} {[down ctrl+n] { } false} {[up ctrl+p] { } false}} [] true 0 0 0 <nil> <nil> false [] [] 0}}
2025/03/08 03:26:26 cli update() msg: left press
2025/03/08 03:26:26  m.CurrentViewIndex < len(m.Views) true
2025/03/08 03:26:26 ProjectNameView.Update() > msg: left press
2025/03/08 03:26:26 Cli View() > m.CreateProject:  false
2025/03/08 03:26:26 Cli View() m. 0
2025/03/08 03:26:26 m.Views[m.CurrentViewIndex] &{{<nil> >  Project Name 0 42 {530ms    0 true false 0xc000008240 1 0} 0s   [38;5;240m[0m [38;5;240m[0m  156 20 {{[right ctrl+f] { } false} {[left ctrl+b] { } false} {[alt+right ctrl+right alt+f] { } false} {[alt+left ctrl+left alt+b] { } false} {[alt+backspace ctrl+w] { } false} {[alt+delete alt+d] { } false} {[ctrl+k] { } false} {[ctrl+u] { } false} {[backspace ctrl+h] { } false} {[delete ctrl+d] { } false} {[home ctrl+a] { } false} {[end ctrl+e] { } false} {[ctrl+v] { } false} {[tab] { } false} {[down ctrl+n] { } false} {[up ctrl+p] { } false}} [] true 0 0 0 <nil> <nil> false [] [] 0}}
2025/03/08 03:26:26 cli update() msg: left release
2025/03/08 03:26:26  m.CurrentViewIndex < len(m.Views) true
2025/03/08 03:26:26 ProjectNameView.Update() > msg: left release
2025/03/08 03:26:26 Cli View() > m.CreateProject:  false
2025/03/08 03:26:26 Cli View() m. 0
2025/03/08 03:26:26 m.Views[m.CurrentViewIndex] &{{<nil> >  Project Name 0 42 {530ms    0 true false 0xc000008240 1 0} 0s   [38;5;240m[0m [38;5;240m[0m  156 20 {{[right ctrl+f] { } false} {[left ctrl+b] { } false} {[alt+right ctrl+right alt+f] { } false} {[alt+left ctrl+left alt+b] { } false} {[alt+backspace ctrl+w] { } false} {[alt+delete alt+d] { } false} {[ctrl+k] { } false} {[ctrl+u] { } false} {[backspace ctrl+h] { } false} {[delete ctrl+d] { } false} {[home ctrl+a] { } false} {[end ctrl+e] { } false} {[ctrl+v] { } false} {[tab] { } false} {[down ctrl+n] { } false} {[up ctrl+p] { } false}} [] true 0 0 0 <nil> <nil> false [] [] 0}}
2025/03/08 03:26:27 cli update() msg: w
2025/03/08 03:26:27  m.CurrentViewIndex < len(m.Views) true
2025/03/08 03:26:27 ProjectNameView.Update() > msg: w
2025/03/08 03:26:27 Cli View() > m.CreateProject:  false
2025/03/08 03:26:27 Cli View() m. 0
2025/03/08 03:26:27 m.Views[m.CurrentViewIndex] &{{<nil> >  Project Name 0 42 {530ms    0 true false 0xc000008240 2 0} 0s   [38;5;240m[0m [38;5;240m[0m  156 20 {{[right ctrl+f] { } false} {[left ctrl+b] { } false} {[alt+right ctrl+right alt+f] { } false} {[alt+left ctrl+left alt+b] { } false} {[alt+backspace ctrl+w] { } false} {[alt+delete alt+d] { } false} {[ctrl+k] { } false} {[ctrl+u] { } false} {[backspace ctrl+h] { } false} {[delete ctrl+d] { } false} {[home ctrl+a] { } false} {[end ctrl+e] { } false} {[ctrl+v] { } false} {[tab] { } false} {[down ctrl+n] { } false} {[up ctrl+p] { } false}} [119] true 1 0 1 <nil> 0xc00010a060 false [] [] 0}}
2025/03/08 03:26:27 cli update() msg: e
2025/03/08 03:26:27  m.CurrentViewIndex < len(m.Views) true
2025/03/08 03:26:27 ProjectNameView.Update() > msg: e
2025/03/08 03:26:27 Cli View() > m.CreateProject:  false
2025/03/08 03:26:27 Cli View() m. 0
2025/03/08 03:26:27 m.Views[m.CurrentViewIndex] &{{<nil> >  Project Name 0 42 {530ms    0 true false 0xc000008240 3 0} 0s   [38;5;240m[0m [38;5;240m[0m  156 20 {{[right ctrl+f] { } false} {[left ctrl+b] { } false} {[alt+right ctrl+right alt+f] { } false} {[alt+left ctrl+left alt+b] { } false} {[alt+backspace ctrl+w] { } false} {[alt+delete alt+d] { } false} {[ctrl+k] { } false} {[ctrl+u] { } false} {[backspace ctrl+h] { } false} {[delete ctrl+d] { } false} {[home ctrl+a] { } false} {[end ctrl+e] { } false} {[ctrl+v] { } false} {[tab] { } false} {[down ctrl+n] { } false} {[up ctrl+p] { } false}} [119 101] true 2 0 2 <nil> 0xc00010a060 false [] [] 0}}
2025/03/08 03:26:27 cli update() msg: {}
2025/03/08 03:26:27  m.CurrentViewIndex < len(m.Views) true
2025/03/08 03:26:27 ProjectNameView.Update() > msg: {}
2025/03/08 03:26:27 Cli View() > m.CreateProject:  false
2025/03/08 03:26:27 Cli View() m. 0
2025/03/08 03:26:27 m.Views[m.CurrentViewIndex] &{{<nil> >  Project Name 0 42 {530ms    0 true false 0xc000008240 3 0} 0s   [38;5;240m[0m [38;5;240m[0m  156 20 {{[right ctrl+f] { } false} {[left ctrl+b] { } false} {[alt+right ctrl+right alt+f] { } false} {[alt+left ctrl+left alt+b] { } false} {[alt+backspace ctrl+w] { } false} {[alt+delete alt+d] { } false} {[ctrl+k] { } false} {[ctrl+u] { } false} {[backspace ctrl+h] { } false} {[delete ctrl+d] { } false} {[home ctrl+a] { } false} {[end ctrl+e] { } false} {[ctrl+v] { } false} {[tab] { } false} {[down ctrl+n] { } false} {[up ctrl+p] { } false}} [119 101] true 2 0 2 <nil> 0xc00010a060 false [] [] 0}}
2025/03/08 03:26:27 cli update() msg: b
2025/03/08 03:26:27  m.CurrentViewIndex < len(m.Views) true
2025/03/08 03:26:27 ProjectNameView.Update() > msg: b
2025/03/08 03:26:27 Cli View() > m.CreateProject:  false
2025/03/08 03:26:27 Cli View() m. 0
2025/03/08 03:26:27 m.Views[m.CurrentViewIndex] &{{<nil> >  Project Name 0 42 {530ms    0 true false 0xc000008240 4 0} 0s   [38;5;240m[0m [38;5;240m[0m  156 20 {{[right ctrl+f] { } false} {[left ctrl+b] { } false} {[alt+right ctrl+right alt+f] { } false} {[alt+left ctrl+left alt+b] { } false} {[alt+backspace ctrl+w] { } false} {[alt+delete alt+d] { } false} {[ctrl+k] { } false} {[ctrl+u] { } false} {[backspace ctrl+h] { } false} {[delete ctrl+d] { } false} {[home ctrl+a] { } false} {[end ctrl+e] { } false} {[ctrl+v] { } false} {[tab] { } false} {[down ctrl+n] { } false} {[up ctrl+p] { } false}} [119 101 98] true 3 0 3 <nil> 0xc00010a060 false [] [] 0}}
2025/03/08 03:26:27 cli update() msg: {}
2025/03/08 03:26:27  m.CurrentViewIndex < len(m.Views) true
2025/03/08 03:26:27 ProjectNameView.Update() > msg: {}
2025/03/08 03:26:27 Cli View() > m.CreateProject:  false
2025/03/08 03:26:27 Cli View() m. 0
2025/03/08 03:26:27 m.Views[m.CurrentViewIndex] &{{<nil> >  Project Name 0 42 {530ms    0 true false 0xc000008240 4 0} 0s   [38;5;240m[0m [38;5;240m[0m  156 20 {{[right ctrl+f] { } false} {[left ctrl+b] { } false} {[alt+right ctrl+right alt+f] { } false} {[alt+left ctrl+left alt+b] { } false} {[alt+backspace ctrl+w] { } false} {[alt+delete alt+d] { } false} {[ctrl+k] { } false} {[ctrl+u] { } false} {[backspace ctrl+h] { } false} {[delete ctrl+d] { } false} {[home ctrl+a] { } false} {[end ctrl+e] { } false} {[ctrl+v] { } false} {[tab] { } false} {[down ctrl+n] { } false} {[up ctrl+p] { } false}} [119 101 98] true 3 0 3 <nil> 0xc00010a060 false [] [] 0}}
2025/03/08 03:26:27 cli update() msg:  
2025/03/08 03:26:27  m.CurrentViewIndex < len(m.Views) true
2025/03/08 03:26:27 ProjectNameView.Update() > msg:  
2025/03/08 03:26:27 Cli View() > m.CreateProject:  false
2025/03/08 03:26:27 Cli View() m. 0
2025/03/08 03:26:27 m.Views[m.CurrentViewIndex] &{{<nil> >  Project Name 0 42 {530ms    0 true false 0xc000008240 5 0} 0s   [38;5;240m[0m [38;5;240m[0m  156 20 {{[right ctrl+f] { } false} {[left ctrl+b] { } false} {[alt+right ctrl+right alt+f] { } false} {[alt+left ctrl+left alt+b] { } false} {[alt+backspace ctrl+w] { } false} {[alt+delete alt+d] { } false} {[ctrl+k] { } false} {[ctrl+u] { } false} {[backspace ctrl+h] { } false} {[delete ctrl+d] { } false} {[home ctrl+a] { } false} {[end ctrl+e] { } false} {[ctrl+v] { } false} {[tab] { } false} {[down ctrl+n] { } false} {[up ctrl+p] { } false}} [119 101 98 32] true 4 0 4 <nil> 0xc00010a060 false [] [] 0}}
2025/03/08 03:26:27 cli update() msg: {}
2025/03/08 03:26:27  m.CurrentViewIndex < len(m.Views) true
2025/03/08 03:26:27 ProjectNameView.Update() > msg: {}
2025/03/08 03:26:27 Cli View() > m.CreateProject:  false
2025/03/08 03:26:27 Cli View() m. 0
2025/03/08 03:26:27 m.Views[m.CurrentViewIndex] &{{<nil> >  Project Name 0 42 {530ms    0 true false 0xc000008240 5 0} 0s   [38;5;240m[0m [38;5;240m[0m  156 20 {{[right ctrl+f] { } false} {[left ctrl+b] { } false} {[alt+right ctrl+right alt+f] { } false} {[alt+left ctrl+left alt+b] { } false} {[alt+backspace ctrl+w] { } false} {[alt+delete alt+d] { } false} {[ctrl+k] { } false} {[ctrl+u] { } false} {[backspace ctrl+h] { } false} {[delete ctrl+d] { } false} {[home ctrl+a] { } false} {[end ctrl+e] { } false} {[ctrl+v] { } false} {[tab] { } false} {[down ctrl+n] { } false} {[up ctrl+p] { } false}} [119 101 98 32] true 4 0 4 <nil> 0xc00010a060 false [] [] 0}}
2025/03/08 03:26:27 cli update() msg: p
2025/03/08 03:26:27  m.CurrentViewIndex < len(m.Views) true
2025/03/08 03:26:27 ProjectNameView.Update() > msg: p
2025/03/08 03:26:27 Cli View() > m.CreateProject:  false
2025/03/08 03:26:27 Cli View() m. 0
2025/03/08 03:26:27 m.Views[m.CurrentViewIndex] &{{<nil> >  Project Name 0 42 {530ms    0 true false 0xc000008240 6 0} 0s   [38;5;240m[0m [38;5;240m[0m  156 20 {{[right ctrl+f] { } false} {[left ctrl+b] { } false} {[alt+right ctrl+right alt+f] { } false} {[alt+left ctrl+left alt+b] { } false} {[alt+backspace ctrl+w] { } false} {[alt+delete alt+d] { } false} {[ctrl+k] { } false} {[ctrl+u] { } false} {[backspace ctrl+h] { } false} {[delete ctrl+d] { } false} {[home ctrl+a] { } false} {[end ctrl+e] { } false} {[ctrl+v] { } false} {[tab] { } false} {[down ctrl+n] { } false} {[up ctrl+p] { } false}} [119 101 98 32 112] true 5 0 5 <nil> 0xc00010a060 false [] [] 0}}
2025/03/08 03:26:27 cli update() msg: {}
2025/03/08 03:26:27  m.CurrentViewIndex < len(m.Views) true
2025/03/08 03:26:27 ProjectNameView.Update() > msg: {}
2025/03/08 03:26:27 Cli View() > m.CreateProject:  false
2025/03/08 03:26:27 Cli View() m. 0
2025/03/08 03:26:27 m.Views[m.CurrentViewIndex] &{{<nil> >  Project Name 0 42 {530ms    0 true false 0xc000008240 6 0} 0s   [38;5;240m[0m [38;5;240m[0m  156 20 {{[right ctrl+f] { } false} {[left ctrl+b] { } false} {[alt+right ctrl+right alt+f] { } false} {[alt+left ctrl+left alt+b] { } false} {[alt+backspace ctrl+w] { } false} {[alt+delete alt+d] { } false} {[ctrl+k] { } false} {[ctrl+u] { } false} {[backspace ctrl+h] { } false} {[delete ctrl+d] { } false} {[home ctrl+a] { } false} {[end ctrl+e] { } false} {[ctrl+v] { } false} {[tab] { } false} {[down ctrl+n] { } false} {[up ctrl+p] { } false}} [119 101 98 32 112] true 5 0 5 <nil> 0xc00010a060 false [] [] 0}}
2025/03/08 03:26:27 cli update() msg: r
2025/03/08 03:26:27  m.CurrentViewIndex < len(m.Views) true
2025/03/08 03:26:27 ProjectNameView.Update() > msg: r
2025/03/08 03:26:27 Cli View() > m.CreateProject:  false
2025/03/08 03:26:27 Cli View() m. 0
2025/03/08 03:26:27 m.Views[m.CurrentViewIndex] &{{<nil> >  Project Name 0 42 {530ms    0 true false 0xc000008240 7 0} 0s   [38;5;240m[0m [38;5;240m[0m  156 20 {{[right ctrl+f] { } false} {[left ctrl+b] { } false} {[alt+right ctrl+right alt+f] { } false} {[alt+left ctrl+left alt+b] { } false} {[alt+backspace ctrl+w] { } false} {[alt+delete alt+d] { } false} {[ctrl+k] { } false} {[ctrl+u] { } false} {[backspace ctrl+h] { } false} {[delete ctrl+d] { } false} {[home ctrl+a] { } false} {[end ctrl+e] { } false} {[ctrl+v] { } false} {[tab] { } false} {[down ctrl+n] { } false} {[up ctrl+p] { } false}} [119 101 98 32 112 114] true 6 0 6 <nil> 0xc00010a060 false [] [] 0}}
2025/03/08 03:26:27 cli update() msg: {}
2025/03/08 03:26:27  m.CurrentViewIndex < len(m.Views) true
2025/03/08 03:26:27 ProjectNameView.Update() > msg: {}
2025/03/08 03:26:27 Cli View() > m.CreateProject:  false
2025/03/08 03:26:27 Cli View() m. 0
2025/03/08 03:26:27 m.Views[m.CurrentViewIndex] &{{<nil> >  Project Name 0 42 {530ms    0 true false 0xc000008240 7 0} 0s   [38;5;240m[0m [38;5;240m[0m  156 20 {{[right ctrl+f] { } false} {[left ctrl+b] { } false} {[alt+right ctrl+right alt+f] { } false} {[alt+left ctrl+left alt+b] { } false} {[alt+backspace ctrl+w] { } false} {[alt+delete alt+d] { } false} {[ctrl+k] { } false} {[ctrl+u] { } false} {[backspace ctrl+h] { } false} {[delete ctrl+d] { } false} {[home ctrl+a] { } false} {[end ctrl+e] { } false} {[ctrl+v] { } false} {[tab] { } false} {[down ctrl+n] { } false} {[up ctrl+p] { } false}} [119 101 98 32 112 114] true 6 0 6 <nil> 0xc00010a060 false [] [] 0}}
2025/03/08 03:26:27 cli update() msg: o
2025/03/08 03:26:27  m.CurrentViewIndex < len(m.Views) true
2025/03/08 03:26:27 ProjectNameView.Update() > msg: o
2025/03/08 03:26:27 Cli View() > m.CreateProject:  false
2025/03/08 03:26:27 Cli View() m. 0
2025/03/08 03:26:27 m.Views[m.CurrentViewIndex] &{{<nil> >  Project Name 0 42 {530ms    0 true false 0xc000008240 8 0} 0s   [38;5;240m[0m [38;5;240m[0m  156 20 {{[right ctrl+f] { } false} {[left ctrl+b] { } false} {[alt+right ctrl+right alt+f] { } false} {[alt+left ctrl+left alt+b] { } false} {[alt+backspace ctrl+w] { } false} {[alt+delete alt+d] { } false} {[ctrl+k] { } false} {[ctrl+u] { } false} {[backspace ctrl+h] { } false} {[delete ctrl+d] { } false} {[home ctrl+a] { } false} {[end ctrl+e] { } false} {[ctrl+v] { } false} {[tab] { } false} {[down ctrl+n] { } false} {[up ctrl+p] { } false}} [119 101 98 32 112 114 111] true 7 0 7 <nil> 0xc00010a060 false [] [] 0}}
2025/03/08 03:26:27 cli update() msg: {}
2025/03/08 03:26:27  m.CurrentViewIndex < len(m.Views) true
2025/03/08 03:26:27 ProjectNameView.Update() > msg: {}
2025/03/08 03:26:27 Cli View() > m.CreateProject:  false
2025/03/08 03:26:27 Cli View() m. 0
2025/03/08 03:26:27 m.Views[m.CurrentViewIndex] &{{<nil> >  Project Name 0 42 {530ms    0 true false 0xc000008240 8 0} 0s   [38;5;240m[0m [38;5;240m[0m  156 20 {{[right ctrl+f] { } false} {[left ctrl+b] { } false} {[alt+right ctrl+right alt+f] { } false} {[alt+left ctrl+left alt+b] { } false} {[alt+backspace ctrl+w] { } false} {[alt+delete alt+d] { } false} {[ctrl+k] { } false} {[ctrl+u] { } false} {[backspace ctrl+h] { } false} {[delete ctrl+d] { } false} {[home ctrl+a] { } false} {[end ctrl+e] { } false} {[ctrl+v] { } false} {[tab] { } false} {[down ctrl+n] { } false} {[up ctrl+p] { } false}} [119 101 98 32 112 114 111] true 7 0 7 <nil> 0xc00010a060 false [] [] 0}}
2025/03/08 03:26:27 cli update() msg: j
2025/03/08 03:26:27  m.CurrentViewIndex < len(m.Views) true
2025/03/08 03:26:27 ProjectNameView.Update() > msg: j
2025/03/08 03:26:27 Cli View() > m.CreateProject:  false
2025/03/08 03:26:27 Cli View() m. 0
2025/03/08 03:26:27 m.Views[m.CurrentViewIndex] &{{<nil> >  Project Name 0 42 {530ms    0 true false 0xc000008240 9 0} 0s   [38;5;240m[0m [38;5;240m[0m  156 20 {{[right ctrl+f] { } false} {[left ctrl+b] { } false} {[alt+right ctrl+right alt+f] { } false} {[alt+left ctrl+left alt+b] { } false} {[alt+backspace ctrl+w] { } false} {[alt+delete alt+d] { } false} {[ctrl+k] { } false} {[ctrl+u] { } false} {[backspace ctrl+h] { } false} {[delete ctrl+d] { } false} {[home ctrl+a] { } false} {[end ctrl+e] { } false} {[ctrl+v] { } false} {[tab] { } false} {[down ctrl+n] { } false} {[up ctrl+p] { } false}} [119 101 98 32 112 114 111 106] true 8 0 8 <nil> 0xc00010a060 false [] [] 0}}
2025/03/08 03:26:27 cli update() msg: {}
2025/03/08 03:26:27  m.CurrentViewIndex < len(m.Views) true
2025/03/08 03:26:27 ProjectNameView.Update() > msg: {}
2025/03/08 03:26:27 Cli View() > m.CreateProject:  false
2025/03/08 03:26:27 Cli View() m. 0
2025/03/08 03:26:27 m.Views[m.CurrentViewIndex] &{{<nil> >  Project Name 0 42 {530ms    0 true false 0xc000008240 9 0} 0s   [38;5;240m[0m [38;5;240m[0m  156 20 {{[right ctrl+f] { } false} {[left ctrl+b] { } false} {[alt+right ctrl+right alt+f] { } false} {[alt+left ctrl+left alt+b] { } false} {[alt+backspace ctrl+w] { } false} {[alt+delete alt+d] { } false} {[ctrl+k] { } false} {[ctrl+u] { } false} {[backspace ctrl+h] { } false} {[delete ctrl+d] { } false} {[home ctrl+a] { } false} {[end ctrl+e] { } false} {[ctrl+v] { } false} {[tab] { } false} {[down ctrl+n] { } false} {[up ctrl+p] { } false}} [119 101 98 32 112 114 111 106] true 8 0 8 <nil> 0xc00010a060 false [] [] 0}}
2025/03/08 03:26:27 cli update() msg: e
2025/03/08 03:26:27  m.CurrentViewIndex < len(m.Views) true
2025/03/08 03:26:27 ProjectNameView.Update() > msg: e
2025/03/08 03:26:27 Cli View() > m.CreateProject:  false
2025/03/08 03:26:27 Cli View() m. 0
2025/03/08 03:26:27 m.Views[m.CurrentViewIndex] &{{<nil> >  Project Name 0 42 {530ms    0 true false 0xc000008240 10 0} 0s   [38;5;240m[0m [38;5;240m[0m  156 20 {{[right ctrl+f] { } false} {[left ctrl+b] { } false} {[alt+right ctrl+right alt+f] { } false} {[alt+left ctrl+left alt+b] { } false} {[alt+backspace ctrl+w] { } false} {[alt+delete alt+d] { } false} {[ctrl+k] { } false} {[ctrl+u] { } false} {[backspace ctrl+h] { } false} {[delete ctrl+d] { } false} {[home ctrl+a] { } false} {[end ctrl+e] { } false} {[ctrl+v] { } false} {[tab] { } false} {[down ctrl+n] { } false} {[up ctrl+p] { } false}} [119 101 98 32 112 114 111 106 101] true 9 0 9 <nil> 0xc00010a060 false [] [] 0}}
2025/03/08 03:26:27 cli update() msg: {}
2025/03/08 03:26:27  m.CurrentViewIndex < len(m.Views) true
2025/03/08 03:26:27 ProjectNameView.Update() > msg: {}
2025/03/08 03:26:27 Cli View() > m.CreateProject:  false
2025/03/08 03:26:27 Cli View() m. 0
2025/03/08 03:26:27 m.Views[m.CurrentViewIndex] &{{<nil> >  Project Name 0 42 {530ms    0 true false 0xc000008240 10 0} 0s   [38;5;240m[0m [38;5;240m[0m  156 20 {{[right ctrl+f] { } false} {[left ctrl+b] { } false} {[alt+right ctrl+right alt+f] { } false} {[alt+left ctrl+left alt+b] { } false} {[alt+backspace ctrl+w] { } false} {[alt+delete alt+d] { } false} {[ctrl+k] { } false} {[ctrl+u] { } false} {[backspace ctrl+h] { } false} {[delete ctrl+d] { } false} {[home ctrl+a] { } false} {[end ctrl+e] { } false} {[ctrl+v] { } false} {[tab] { } false} {[down ctrl+n] { } false} {[up ctrl+p] { } false}} [119 101 98 32 112 114 111 106 101] true 9 0 9 <nil> 0xc00010a060 false [] [] 0}}
2025/03/08 03:26:27 cli update() msg: c
2025/03/08 03:26:27  m.CurrentViewIndex < len(m.Views) true
2025/03/08 03:26:27 ProjectNameView.Update() > msg: c
2025/03/08 03:26:27 Cli View() > m.CreateProject:  false
2025/03/08 03:26:27 Cli View() m. 0
2025/03/08 03:26:27 m.Views[m.CurrentViewIndex] &{{<nil> >  Project Name 0 42 {530ms    0 true false 0xc000008240 11 0} 0s   [38;5;240m[0m [38;5;240m[0m  156 20 {{[right ctrl+f] { } false} {[left ctrl+b] { } false} {[alt+right ctrl+right alt+f] { } false} {[alt+left ctrl+left alt+b] { } false} {[alt+backspace ctrl+w] { } false} {[alt+delete alt+d] { } false} {[ctrl+k] { } false} {[ctrl+u] { } false} {[backspace ctrl+h] { } false} {[delete ctrl+d] { } false} {[home ctrl+a] { } false} {[end ctrl+e] { } false} {[ctrl+v] { } false} {[tab] { } false} {[down ctrl+n] { } false} {[up ctrl+p] { } false}} [119 101 98 32 112 114 111 106 101 99] true 10 0 10 <nil> 0xc00010a060 false [] [] 0}}
2025/03/08 03:26:27 cli update() msg: {}
2025/03/08 03:26:27  m.CurrentViewIndex < len(m.Views) true
2025/03/08 03:26:27 ProjectNameView.Update() > msg: {}
2025/03/08 03:26:27 Cli View() > m.CreateProject:  false
2025/03/08 03:26:27 Cli View() m. 0
2025/03/08 03:26:27 m.Views[m.CurrentViewIndex] &{{<nil> >  Project Name 0 42 {530ms    0 true false 0xc000008240 11 0} 0s   [38;5;240m[0m [38;5;240m[0m  156 20 {{[right ctrl+f] { } false} {[left ctrl+b] { } false} {[alt+right ctrl+right alt+f] { } false} {[alt+left ctrl+left alt+b] { } false} {[alt+backspace ctrl+w] { } false} {[alt+delete alt+d] { } false} {[ctrl+k] { } false} {[ctrl+u] { } false} {[backspace ctrl+h] { } false} {[delete ctrl+d] { } false} {[home ctrl+a] { } false} {[end ctrl+e] { } false} {[ctrl+v] { } false} {[tab] { } false} {[down ctrl+n] { } false} {[up ctrl+p] { } false}} [119 101 98 32 112 114 111 106 101 99] true 10 0 10 <nil> 0xc00010a060 false [] [] 0}}
2025/03/08 03:26:27 cli update() msg: t
2025/03/08 03:26:27  m.CurrentViewIndex < len(m.Views) true
2025/03/08 03:26:27 ProjectNameView.Update() > msg: t
2025/03/08 03:26:27 Cli View() > m.CreateProject:  false
2025/03/08 03:26:27 Cli View() m. 0
2025/03/08 03:26:27 m.Views[m.CurrentViewIndex] &{{<nil> >  Project Name 0 42 {530ms    0 true false 0xc000008240 12 0} 0s   [38;5;240m[0m [38;5;240m[0m  156 20 {{[right ctrl+f] { } false} {[left ctrl+b] { } false} {[alt+right ctrl+right alt+f] { } false} {[alt+left ctrl+left alt+b] { } false} {[alt+backspace ctrl+w] { } false} {[alt+delete alt+d] { } false} {[ctrl+k] { } false} {[ctrl+u] { } false} {[backspace ctrl+h] { } false} {[delete ctrl+d] { } false} {[home ctrl+a] { } false} {[end ctrl+e] { } false} {[ctrl+v] { } false} {[tab] { } false} {[down ctrl+n] { } false} {[up ctrl+p] { } false}} [119 101 98 32 112 114 111 106 101 99 116] true 11 0 11 <nil> 0xc00010a060 false [] [] 0}}
2025/03/08 03:26:27 cli update() msg: {}
2025/03/08 03:26:27  m.CurrentViewIndex < len(m.Views) true
2025/03/08 03:26:27 ProjectNameView.Update() > msg: {}
2025/03/08 03:26:27 Cli View() > m.CreateProject:  false
2025/03/08 03:26:27 Cli View() m. 0
2025/03/08 03:26:27 m.Views[m.CurrentViewIndex] &{{<nil> >  Project Name 0 42 {530ms    0 true false 0xc000008240 12 0} 0s   [38;5;240m[0m [38;5;240m[0m  156 20 {{[right ctrl+f] { } false} {[left ctrl+b] { } false} {[alt+right ctrl+right alt+f] { } false} {[alt+left ctrl+left alt+b] { } false} {[alt+backspace ctrl+w] { } false} {[alt+delete alt+d] { } false} {[ctrl+k] { } false} {[ctrl+u] { } false} {[backspace ctrl+h] { } false} {[delete ctrl+d] { } false} {[home ctrl+a] { } false} {[end ctrl+e] { } false} {[ctrl+v] { } false} {[tab] { } false} {[down ctrl+n] { } false} {[up ctrl+p] { } false}} [119 101 98 32 112 114 111 106 101 99 116] true 11 0 11 <nil> 0xc00010a060 false [] [] 0}}
2025/03/08 03:26:28 cli update() msg: {0 12}
2025/03/08 03:26:28  m.CurrentViewIndex < len(m.Views) true
2025/03/08 03:26:28 ProjectNameView.Update() > msg: {0 12}
2025/03/08 03:26:28 Cli View() > m.CreateProject:  false
2025/03/08 03:26:28 Cli View() m. 0
2025/03/08 03:26:28 m.Views[m.CurrentViewIndex] &{{<nil> >  Project Name 0 42 {530ms    0 true true 0xc000008240 13 0} 0s   [38;5;240m[0m [38;5;240m[0m  156 20 {{[right ctrl+f] { } false} {[left ctrl+b] { } false} {[alt+right ctrl+right alt+f] { } false} {[alt+left ctrl+left alt+b] { } false} {[alt+backspace ctrl+w] { } false} {[alt+delete alt+d] { } false} {[ctrl+k] { } false} {[ctrl+u] { } false} {[backspace ctrl+h] { } false} {[delete ctrl+d] { } false} {[home ctrl+a] { } false} {[end ctrl+e] { } false} {[ctrl+v] { } false} {[tab] { } false} {[down ctrl+n] { } false} {[up ctrl+p] { } false}} [119 101 98 32 112 114 111 106 101 99 116] true 11 0 11 <nil> 0xc00010a060 false [] [] 0}}
2025/03/08 03:26:28 cli update() msg: 1
2025/03/08 03:26:28  m.CurrentViewIndex < len(m.Views) true
2025/03/08 03:26:28 ProjectNameView.Update() > msg: 1
2025/03/08 03:26:28 Cli View() > m.CreateProject:  false
2025/03/08 03:26:28 Cli View() m. 0
2025/03/08 03:26:28 m.Views[m.CurrentViewIndex] &{{<nil> >  Project Name 0 42 {530ms    0 true false 0xc000008240 14 0} 0s   [38;5;240m[0m [38;5;240m[0m  156 20 {{[right ctrl+f] { } false} {[left ctrl+b] { } false} {[alt+right ctrl+right alt+f] { } false} {[alt+left ctrl+left alt+b] { } false} {[alt+backspace ctrl+w] { } false} {[alt+delete alt+d] { } false} {[ctrl+k] { } false} {[ctrl+u] { } false} {[backspace ctrl+h] { } false} {[delete ctrl+d] { } false} {[home ctrl+a] { } false} {[end ctrl+e] { } false} {[ctrl+v] { } false} {[tab] { } false} {[down ctrl+n] { } false} {[up ctrl+p] { } false}} [119 101 98 32 112 114 111 106 101 99 116 49] true 12 0 12 <nil> 0xc00010a060 false [] [] 0}}
2025/03/08 03:26:28 cli update() msg: {}
2025/03/08 03:26:28  m.CurrentViewIndex < len(m.Views) true
2025/03/08 03:26:28 ProjectNameView.Update() > msg: {}
2025/03/08 03:26:28 Cli View() > m.CreateProject:  false
2025/03/08 03:26:28 Cli View() m. 0
2025/03/08 03:26:28 m.Views[m.CurrentViewIndex] &{{<nil> >  Project Name 0 42 {530ms    0 true false 0xc000008240 14 0} 0s   [38;5;240m[0m [38;5;240m[0m  156 20 {{[right ctrl+f] { } false} {[left ctrl+b] { } false} {[alt+right ctrl+right alt+f] { } false} {[alt+left ctrl+left alt+b] { } false} {[alt+backspace ctrl+w] { } false} {[alt+delete alt+d] { } false} {[ctrl+k] { } false} {[ctrl+u] { } false} {[backspace ctrl+h] { } false} {[delete ctrl+d] { } false} {[home ctrl+a] { } false} {[end ctrl+e] { } false} {[ctrl+v] { } false} {[tab] { } false} {[down ctrl+n] { } false} {[up ctrl+p] { } false}} [119 101 98 32 112 114 111 106 101 99 116 49] true 12 0 12 <nil> 0xc00010a060 false [] [] 0}}
2025/03/08 03:26:29 cli update() msg: {0 14}
2025/03/08 03:26:29  m.CurrentViewIndex < len(m.Views) true
2025/03/08 03:26:29 ProjectNameView.Update() > msg: {0 14}
2025/03/08 03:26:29 Cli View() > m.CreateProject:  false
2025/03/08 03:26:29 Cli View() m. 0
2025/03/08 03:26:29 m.Views[m.CurrentViewIndex] &{{<nil> >  Project Name 0 42 {530ms    0 true true 0xc000008240 15 0} 0s   [38;5;240m[0m [38;5;240m[0m  156 20 {{[right ctrl+f] { } false} {[left ctrl+b] { } false} {[alt+right ctrl+right alt+f] { } false} {[alt+left ctrl+left alt+b] { } false} {[alt+backspace ctrl+w] { } false} {[alt+delete alt+d] { } false} {[ctrl+k] { } false} {[ctrl+u] { } false} {[backspace ctrl+h] { } false} {[delete ctrl+d] { } false} {[home ctrl+a] { } false} {[end ctrl+e] { } false} {[ctrl+v] { } false} {[tab] { } false} {[down ctrl+n] { } false} {[up ctrl+p] { } false}} [119 101 98 32 112 114 111 106 101 99 116 49] true 12 0 12 <nil> 0xc00010a060 false [] [] 0}}
2025/03/08 03:26:29 cli update() msg: enter
2025/03/08 03:26:29  m.CurrentViewIndex < len(m.Views) true
2025/03/08 03:26:29 ProjectNameView.Update() > msg: enter
2025/03/08 03:26:29 Cli View() > m.CreateProject:  false
2025/03/08 03:26:29 Cli View() m. 1
2025/03/08 03:26:29 m.Views[m.CurrentViewIndex] &{Read configuration settings from: [Command-line flas Environment variables] 0}
2025/03/08 03:26:29 MultiChoiceView.View()
2025/03/08 03:26:29 cli update() msg: {0 15}
2025/03/08 03:26:29  m.CurrentViewIndex < len(m.Views) true
2025/03/08 03:26:29 Cli View() > m.CreateProject:  false
2025/03/08 03:26:29 Cli View() m. 1
2025/03/08 03:26:29 m.Views[m.CurrentViewIndex] &{Read configuration settings from: [Command-line flas Environment variables] 0}
2025/03/08 03:26:29 MultiChoiceView.View()
2025/03/08 03:26:32 cli update() msg: down
2025/03/08 03:26:32  m.CurrentViewIndex < len(m.Views) true
2025/03/08 03:26:32 Cli View() > m.CreateProject:  false
2025/03/08 03:26:32 Cli View() m. 1
2025/03/08 03:26:32 m.Views[m.CurrentViewIndex] &{Read configuration settings from: [Command-line flas Environment variables] 1}
2025/03/08 03:26:32 MultiChoiceView.View()
2025/03/08 03:26:33 cli update() msg: up
2025/03/08 03:26:33  m.CurrentViewIndex < len(m.Views) true
2025/03/08 03:26:33 Cli View() > m.CreateProject:  false
2025/03/08 03:26:33 Cli View() m. 1
2025/03/08 03:26:33 m.Views[m.CurrentViewIndex] &{Read configuration settings from: [Command-line flas Environment variables] 0}
2025/03/08 03:26:33 MultiChoiceView.View()
2025/03/08 03:26:33 cli update() msg: down
2025/03/08 03:26:33  m.CurrentViewIndex < len(m.Views) true
2025/03/08 03:26:33 Cli View() > m.CreateProject:  false
2025/03/08 03:26:33 Cli View() m. 1
2025/03/08 03:26:33 m.Views[m.CurrentViewIndex] &{Read configuration settings from: [Command-line flas Environment variables] 1}
2025/03/08 03:26:33 MultiChoiceView.View()
2025/03/08 03:26:33 cli update() msg: up
2025/03/08 03:26:33  m.CurrentViewIndex < len(m.Views) true
2025/03/08 03:26:33 Cli View() > m.CreateProject:  false
2025/03/08 03:26:33 Cli View() m. 1
2025/03/08 03:26:33 m.Views[m.CurrentViewIndex] &{Read configuration settings from: [Command-line flas Environment variables] 0}
2025/03/08 03:26:33 MultiChoiceView.View()
2025/03/08 03:26:34 cli update() msg: down
2025/03/08 03:26:34  m.CurrentViewIndex < len(m.Views) true
2025/03/08 03:26:34 Cli View() > m.CreateProject:  false
2025/03/08 03:26:34 Cli View() m. 1
2025/03/08 03:26:34 m.Views[m.CurrentViewIndex] &{Read configuration settings from: [Command-line flas Environment variables] 1}
2025/03/08 03:26:34 MultiChoiceView.View()
2025/03/08 03:26:35 cli update() msg: up
2025/03/08 03:26:35  m.CurrentViewIndex < len(m.Views) true
2025/03/08 03:26:35 Cli View() > m.CreateProject:  false
2025/03/08 03:26:35 Cli View() m. 1
2025/03/08 03:26:35 m.Views[m.CurrentViewIndex] &{Read configuration settings from: [Command-line flas Environment variables] 0}
2025/03/08 03:26:35 MultiChoiceView.View()
2025/03/08 03:26:35 cli update() msg: down
2025/03/08 03:26:35  m.CurrentViewIndex < len(m.Views) true
2025/03/08 03:26:35 Cli View() > m.CreateProject:  false
2025/03/08 03:26:35 Cli View() m. 1
2025/03/08 03:26:35 m.Views[m.CurrentViewIndex] &{Read configuration settings from: [Command-line flas Environment variables] 1}
2025/03/08 03:26:35 MultiChoiceView.View()
2025/03/08 03:26:35 cli update() msg: up
2025/03/08 03:26:35  m.CurrentViewIndex < len(m.Views) true
2025/03/08 03:26:35 Cli View() > m.CreateProject:  false
2025/03/08 03:26:35 Cli View() m. 1
2025/03/08 03:26:35 m.Views[m.CurrentViewIndex] &{Read configuration settings from: [Command-line flas Environment variables] 0}
2025/03/08 03:26:35 MultiChoiceView.View()
2025/03/08 03:26:36 cli update() msg: down
2025/03/08 03:26:36  m.CurrentViewIndex < len(m.Views) true
2025/03/08 03:26:36 Cli View() > m.CreateProject:  false
2025/03/08 03:26:36 Cli View() m. 1
2025/03/08 03:26:36 m.Views[m.CurrentViewIndex] &{Read configuration settings from: [Command-line flas Environment variables] 1}
2025/03/08 03:26:36 MultiChoiceView.View()
2025/03/08 03:26:37 cli update() msg: up
2025/03/08 03:26:37  m.CurrentViewIndex < len(m.Views) true
2025/03/08 03:26:37 Cli View() > m.CreateProject:  false
2025/03/08 03:26:37 Cli View() m. 1
2025/03/08 03:26:37 m.Views[m.CurrentViewIndex] &{Read configuration settings from: [Command-line flas Environment variables] 0}
2025/03/08 03:26:37 MultiChoiceView.View()
2025/03/08 03:26:37 cli update() msg: down
2025/03/08 03:26:37  m.CurrentViewIndex < len(m.Views) true
2025/03/08 03:26:37 Cli View() > m.CreateProject:  false
2025/03/08 03:26:37 Cli View() m. 1
2025/03/08 03:26:37 m.Views[m.CurrentViewIndex] &{Read configuration settings from: [Command-line flas Environment variables] 1}
2025/03/08 03:26:37 MultiChoiceView.View()
2025/03/08 03:26:39 cli update() msg: esc
2025/03/08 03:26:39 Cli View() > m.CreateProject:  false
2025/03/08 03:26:39 Cli View() m. 1
2025/03/08 03:26:39 m.Views[m.CurrentViewIndex] &{Read configuration settings from: [Command-line flas Environment variables] 1}
2025/03/08 03:26:39 MultiChoiceView.View()
2025/03/08 03:26:39 Cli View() > m.CreateProject:  false
2025/03/08 03:26:39 Cli View() m. 1
2025/03/08 03:26:39 m.Views[m.CurrentViewIndex] &{Read configuration settings from: [Command-line flas Environment variables] 1}
2025/03/08 03:26:39 MultiChoiceView.View()
2025/03/08 03:26:59 Cli View() > m.CreateProject:  false
2025/03/08 03:26:59 Cli View() m. 0
2025/03/08 03:26:59 m.Views[m.CurrentViewIndex] &{{<nil> >  Project Name 0 42 {530ms    0 true false 0xc000008240 1 0} 0s   [38;5;240m[0m [38;5;240m[0m  156 20 {{[right ctrl+f] { } false} {[left ctrl+b] { } false} {[alt+right ctrl+right alt+f] { } false} {[alt+left ctrl+left alt+b] { } false} {[alt+backspace ctrl+w] { } false} {[alt+delete alt+d] { } false} {[ctrl+k] { } false} {[ctrl+u] { } false} {[backspace ctrl+h] { } false} {[delete ctrl+d] { } false} {[home ctrl+a] { } false} {[end ctrl+e] { } false} {[ctrl+v] { } false} {[tab] { } false} {[down ctrl+n] { } false} {[up ctrl+p] { } false}} [] true 0 0 0 <nil> <nil> false [] [] 0}}
2025/03/08 03:26:59 cli update() msg: {117 23}
2025/03/08 03:26:59  m.CurrentViewIndex < len(m.Views) true
2025/03/08 03:26:59 ProjectNameView.Update() > msg: {117 23}
2025/03/08 03:26:59 Cli View() > m.CreateProject:  false
2025/03/08 03:26:59 Cli View() m. 0
2025/03/08 03:26:59 m.Views[m.CurrentViewIndex] &{{<nil> >  Project Name 0 42 {530ms    0 true false 0xc000008240 1 0} 0s   [38;5;240m[0m [38;5;240m[0m  156 20 {{[right ctrl+f] { } false} {[left ctrl+b] { } false} {[alt+right ctrl+right alt+f] { } false} {[alt+left ctrl+left alt+b] { } false} {[alt+backspace ctrl+w] { } false} {[alt+delete alt+d] { } false} {[ctrl+k] { } false} {[ctrl+u] { } false} {[backspace ctrl+h] { } false} {[delete ctrl+d] { } false} {[home ctrl+a] { } false} {[end ctrl+e] { } false} {[ctrl+v] { } false} {[tab] { } false} {[down ctrl+n] { } false} {[up ctrl+p] { } false}} [] true 0 0 0 <nil> <nil> false [] [] 0}}
2025/03/08 03:26:59 cli update() msg: up
2025/03/08 03:26:59  m.CurrentViewIndex < len(m.Views) true
2025/03/08 03:26:59 ProjectNameView.Update() > msg: up
2025/03/08 03:26:59 Cli View() > m.CreateProject:  false
2025/03/08 03:26:59 Cli View() m. 0
2025/03/08 03:26:59 m.Views[m.CurrentViewIndex] &{{<nil> >  Project Name 0 42 {530ms    0 true false 0xc000008240 1 0} 0s   [38;5;240m[0m [38;5;240m[0m  156 20 {{[right ctrl+f] { } false} {[left ctrl+b] { } false} {[alt+right ctrl+right alt+f] { } false} {[alt+left ctrl+left alt+b] { } false} {[alt+backspace ctrl+w] { } false} {[alt+delete alt+d] { } false} {[ctrl+k] { } false} {[ctrl+u] { } false} {[backspace ctrl+h] { } false} {[delete ctrl+d] { } false} {[home ctrl+a] { } false} {[end ctrl+e] { } false} {[ctrl+v] { } false} {[tab] { } false} {[down ctrl+n] { } false} {[up ctrl+p] { } false}} [] true 0 0 0 <nil> <nil> false [] [] -1}}
2025/03/08 03:27:01 cli update() msg: T
2025/03/08 03:27:01  m.CurrentViewIndex < len(m.Views) true
2025/03/08 03:27:01 ProjectNameView.Update() > msg: T
2025/03/08 03:27:01 Cli View() > m.CreateProject:  false
2025/03/08 03:27:01 Cli View() m. 0
2025/03/08 03:27:01 m.Views[m.CurrentViewIndex] &{{<nil> >  Project Name 0 42 {530ms    0 true false 0xc000008240 2 0} 0s   [38;5;240m[0m [38;5;240m[0m  156 20 {{[right ctrl+f] { } false} {[left ctrl+b] { } false} {[alt+right ctrl+right alt+f] { } false} {[alt+left ctrl+left alt+b] { } false} {[alt+backspace ctrl+w] { } false} {[alt+delete alt+d] { } false} {[ctrl+k] { } false} {[ctrl+u] { } false} {[backspace ctrl+h] { } false} {[delete ctrl+d] { } false} {[home ctrl+a] { } false} {[end ctrl+e] { } false} {[ctrl+v] { } false} {[tab] { } false} {[down ctrl+n] { } false} {[up ctrl+p] { } false}} [84] true 1 0 1 <nil> 0xc000222030 false [] [] -1}}
2025/03/08 03:27:01 cli update() msg: e
2025/03/08 03:27:01  m.CurrentViewIndex < len(m.Views) true
2025/03/08 03:27:01 ProjectNameView.Update() > msg: e
2025/03/08 03:27:01 Cli View() > m.CreateProject:  false
2025/03/08 03:27:01 Cli View() m. 0
2025/03/08 03:27:01 m.Views[m.CurrentViewIndex] &{{<nil> >  Project Name 0 42 {530ms    0 true false 0xc000008240 3 0} 0s   [38;5;240m[0m [38;5;240m[0m  156 20 {{[right ctrl+f] { } false} {[left ctrl+b] { } false} {[alt+right ctrl+right alt+f] { } false} {[alt+left ctrl+left alt+b] { } false} {[alt+backspace ctrl+w] { } false} {[alt+delete alt+d] { } false} {[ctrl+k] { } false} {[ctrl+u] { } false} {[backspace ctrl+h] { } false} {[delete ctrl+d] { } false} {[home ctrl+a] { } false} {[end ctrl+e] { } false} {[ctrl+v] { } false} {[tab] { } false} {[down ctrl+n] { } false} {[up ctrl+p] { } false}} [84 101] true 2 0 2 <nil> 0xc000222030 false [] [] -1}}
2025/03/08 03:27:01 cli update() msg: {}
2025/03/08 03:27:01  m.CurrentViewIndex < len(m.Views) true
2025/03/08 03:27:01 ProjectNameView.Update() > msg: {}
2025/03/08 03:27:01 Cli View() > m.CreateProject:  false
2025/03/08 03:27:01 Cli View() m. 0
2025/03/08 03:27:01 m.Views[m.CurrentViewIndex] &{{<nil> >  Project Name 0 42 {530ms    0 true false 0xc000008240 3 0} 0s   [38;5;240m[0m [38;5;240m[0m  156 20 {{[right ctrl+f] { } false} {[left ctrl+b] { } false} {[alt+right ctrl+right alt+f] { } false} {[alt+left ctrl+left alt+b] { } false} {[alt+backspace ctrl+w] { } false} {[alt+delete alt+d] { } false} {[ctrl+k] { } false} {[ctrl+u] { } false} {[backspace ctrl+h] { } false} {[delete ctrl+d] { } false} {[home ctrl+a] { } false} {[end ctrl+e] { } false} {[ctrl+v] { } false} {[tab] { } false} {[down ctrl+n] { } false} {[up ctrl+p] { } false}} [84 101] true 2 0 2 <nil> 0xc000222030 false [] [] -1}}
2025/03/08 03:27:01 cli update() msg: s
2025/03/08 03:27:01  m.CurrentViewIndex < len(m.Views) true
2025/03/08 03:27:01 ProjectNameView.Update() > msg: s
2025/03/08 03:27:01 Cli View() > m.CreateProject:  false
2025/03/08 03:27:01 Cli View() m. 0
2025/03/08 03:27:01 m.Views[m.CurrentViewIndex] &{{<nil> >  Project Name 0 42 {530ms    0 true false 0xc000008240 4 0} 0s   [38;5;240m[0m [38;5;240m[0m  156 20 {{[right ctrl+f] { } false} {[left ctrl+b] { } false} {[alt+right ctrl+right alt+f] { } false} {[alt+left ctrl+left alt+b] { } false} {[alt+backspace ctrl+w] { } false} {[alt+delete alt+d] { } false} {[ctrl+k] { } false} {[ctrl+u] { } false} {[backspace ctrl+h] { } false} {[delete ctrl+d] { } false} {[home ctrl+a] { } false} {[end ctrl+e] { } false} {[ctrl+v] { } false} {[tab] { } false} {[down ctrl+n] { } false} {[up ctrl+p] { } false}} [84 101 115] true 3 0 3 <nil> 0xc000222030 false [] [] -1}}
2025/03/08 03:27:01 cli update() msg: {}
2025/03/08 03:27:01  m.CurrentViewIndex < len(m.Views) true
2025/03/08 03:27:01 ProjectNameView.Update() > msg: {}
2025/03/08 03:27:01 Cli View() > m.CreateProject:  false
2025/03/08 03:27:01 Cli View() m. 0
2025/03/08 03:27:01 m.Views[m.CurrentViewIndex] &{{<nil> >  Project Name 0 42 {530ms    0 true false 0xc000008240 4 0} 0s   [38;5;240m[0m [38;5;240m[0m  156 20 {{[right ctrl+f] { } false} {[left ctrl+b] { } false} {[alt+right ctrl+right alt+f] { } false} {[alt+left ctrl+left alt+b] { } false} {[alt+backspace ctrl+w] { } false} {[alt+delete alt+d] { } false} {[ctrl+k] { } false} {[ctrl+u] { } false} {[backspace ctrl+h] { } false} {[delete ctrl+d] { } false} {[home ctrl+a] { } false} {[end ctrl+e] { } false} {[ctrl+v] { } false} {[tab] { } false} {[down ctrl+n] { } false} {[up ctrl+p] { } false}} [84 101 115] true 3 0 3 <nil> 0xc000222030 false [] [] -1}}
2025/03/08 03:27:01 cli update() msg: t
2025/03/08 03:27:01  m.CurrentViewIndex < len(m.Views) true
2025/03/08 03:27:01 ProjectNameView.Update() > msg: t
2025/03/08 03:27:01 Cli View() > m.CreateProject:  false
2025/03/08 03:27:01 Cli View() m. 0
2025/03/08 03:27:01 m.Views[m.CurrentViewIndex] &{{<nil> >  Project Name 0 42 {530ms    0 true false 0xc000008240 5 0} 0s   [38;5;240m[0m [38;5;240m[0m  156 20 {{[right ctrl+f] { } false} {[left ctrl+b] { } false} {[alt+right ctrl+right alt+f] { } false} {[alt+left ctrl+left alt+b] { } false} {[alt+backspace ctrl+w] { } false} {[alt+delete alt+d] { } false} {[ctrl+k] { } false} {[ctrl+u] { } false} {[backspace ctrl+h] { } false} {[delete ctrl+d] { } false} {[home ctrl+a] { } false} {[end ctrl+e] { } false} {[ctrl+v] { } false} {[tab] { } false} {[down ctrl+n] { } false} {[up ctrl+p] { } false}} [84 101 115 116] true 4 0 4 <nil> 0xc000222030 false [] [] -1}}
2025/03/08 03:27:01 cli update() msg: {}
2025/03/08 03:27:01  m.CurrentViewIndex < len(m.Views) true
2025/03/08 03:27:01 ProjectNameView.Update() > msg: {}
2025/03/08 03:27:01 Cli View() > m.CreateProject:  false
2025/03/08 03:27:01 Cli View() m. 0
2025/03/08 03:27:01 m.Views[m.CurrentViewIndex] &{{<nil> >  Project Name 0 42 {530ms    0 true false 0xc000008240 5 0} 0s   [38;5;240m[0m [38;5;240m[0m  156 20 {{[right ctrl+f] { } false} {[left ctrl+b] { } false} {[alt+right ctrl+right alt+f] { } false} {[alt+left ctrl+left alt+b] { } false} {[alt+backspace ctrl+w] { } false} {[alt+delete alt+d] { } false} {[ctrl+k] { } false} {[ctrl+u] { } false} {[backspace ctrl+h] { } false} {[delete ctrl+d] { } false} {[home ctrl+a] { } false} {[end ctrl+e] { } false} {[ctrl+v] { } false} {[tab] { } false} {[down ctrl+n] { } false} {[up ctrl+p] { } false}} [84 101 115 116] true 4 0 4 <nil> 0xc000222030 false [] [] -1}}
2025/03/08 03:27:01 cli update() msg: enter
2025/03/08 03:27:01  m.CurrentViewIndex < len(m.Views) true
2025/03/08 03:27:01 ProjectNameView.Update() > msg: enter
2025/03/08 03:27:01 Cli View() > m.CreateProject:  false
2025/03/08 03:27:01 Cli View() m. 1
2025/03/08 03:27:01 m.Views[m.CurrentViewIndex] &{Read configuration settings from: [Command-line flas Environment variables] 0}
2025/03/08 03:27:01 MultiChoiceView.View()
2025/03/08 03:27:01 cli update() msg: {0 5}
2025/03/08 03:27:01  m.CurrentViewIndex < len(m.Views) true
2025/03/08 03:27:01 Cli View() > m.CreateProject:  false
2025/03/08 03:27:01 Cli View() m. 1
2025/03/08 03:27:01 m.Views[m.CurrentViewIndex] &{Read configuration settings from: [Command-line flas Environment variables] 0}
2025/03/08 03:27:01 MultiChoiceView.View()
2025/03/08 03:27:02 cli update() msg: down
2025/03/08 03:27:02  m.CurrentViewIndex < len(m.Views) true
2025/03/08 03:27:02 Cli View() > m.CreateProject:  false
2025/03/08 03:27:02 Cli View() m. 1
2025/03/08 03:27:02 m.Views[m.CurrentViewIndex] &{Read configuration settings from: [Command-line flas Environment variables] 1}
2025/03/08 03:27:02 MultiChoiceView.View()
2025/03/08 03:27:02 cli update() msg: up
2025/03/08 03:27:02  m.CurrentViewIndex < len(m.Views) true
2025/03/08 03:27:02 Cli View() > m.CreateProject:  false
2025/03/08 03:27:02 Cli View() m. 1
2025/03/08 03:27:02 m.Views[m.CurrentViewIndex] &{Read configuration settings from: [Command-line flas Environment variables] 0}
2025/03/08 03:27:02 MultiChoiceView.View()
2025/03/08 03:27:04 cli update() msg: Z
2025/03/08 03:27:04  m.CurrentViewIndex < len(m.Views) true
2025/03/08 03:27:04 Cli View() > m.CreateProject:  false
2025/03/08 03:27:04 Cli View() m. 1
2025/03/08 03:27:04 m.Views[m.CurrentViewIndex] &{Read configuration settings from: [Command-line flas Environment variables] 0}
2025/03/08 03:27:04 MultiChoiceView.View()
2025/03/08 03:27:06 cli update() msg: ctrl+c
2025/03/08 03:27:06 Cli View() > m.CreateProject:  false
2025/03/08 03:27:06 Cli View() m. 1
2025/03/08 03:27:06 m.Views[m.CurrentViewIndex] &{Read configuration settings from: [Command-line flas Environment variables] 0}
2025/03/08 03:27:06 MultiChoiceView.View()
2025/03/08 03:27:06 Cli View() > m.CreateProject:  false
2025/03/08 03:27:06 Cli View() m. 1
2025/03/08 03:27:06 m.Views[m.CurrentViewIndex] &{Read configuration settings from: [Command-line flas Environment variables] 0}
2025/03/08 03:27:06 MultiChoiceView.View()
